{"/mnt/c/Users/fufud.fauzidin/Work/projects/ai-interview-platform/web/postcss.config.js": {"path":"/mnt/c/Users/fufud.fauzidin/Work/projects/ai-interview-platform/web/postcss.config.js","all":true,"statementMap":{"0":{"start":{"line":1,"column":0},"end":{"line":1,"column":16}},"1":{"start":{"line":2,"column":0},"end":{"line":2,"column":14}},"2":{"start":{"line":3,"column":0},"end":{"line":3,"column":24}},"3":{"start":{"line":4,"column":0},"end":{"line":4,"column":25}},"4":{"start":{"line":5,"column":0},"end":{"line":5,"column":6}},"5":{"start":{"line":6,"column":0},"end":{"line":6,"column":2}}},"s":{"0":0,"1":0,"2":0,"3":0,"4":0,"5":0},"branchMap":{"0":{"type":"branch","line":1,"loc":{"start":{"line":1,"column":0},"end":{"line":6,"column":-12}},"locations":[{"start":{"line":1,"column":0},"end":{"line":6,"column":-12}}]}},"b":{"0":[0]},"fnMap":{"0":{"name":"(empty-report)","decl":{"start":{"line":1,"column":0},"end":{"line":6,"column":-12}},"loc":{"start":{"line":1,"column":0},"end":{"line":6,"column":-12}},"line":1}},"f":{"0":0}}
,"/mnt/c/Users/fufud.fauzidin/Work/projects/ai-interview-platform/web/tailwind.config.js": {"path":"/mnt/c/Users/fufud.fauzidin/Work/projects/ai-interview-platform/web/tailwind.config.js","all":true,"statementMap":{"0":{"start":{"line":1,"column":0},"end":{"line":1,"column":43}},"1":{"start":{"line":2,"column":0},"end":{"line":2,"column":16}},"2":{"start":{"line":3,"column":0},"end":{"line":3,"column":24}},"3":{"start":{"line":4,"column":0},"end":{"line":4,"column":53}},"4":{"start":{"line":5,"column":0},"end":{"line":5,"column":12}},"5":{"start":{"line":6,"column":0},"end":{"line":6,"column":17}},"6":{"start":{"line":7,"column":0},"end":{"line":7,"column":21}},"7":{"start":{"line":8,"column":0},"end":{"line":8,"column":45}},"8":{"start":{"line":9,"column":0},"end":{"line":9,"column":43}},"9":{"start":{"line":10,"column":0},"end":{"line":10,"column":41}},"10":{"start":{"line":11,"column":0},"end":{"line":11,"column":53}},"11":{"start":{"line":12,"column":0},"end":{"line":12,"column":53}},"12":{"start":{"line":13,"column":0},"end":{"line":13,"column":26}},"13":{"start":{"line":14,"column":0},"end":{"line":14,"column":51}},"14":{"start":{"line":15,"column":0},"end":{"line":15,"column":65}},"15":{"start":{"line":16,"column":0},"end":{"line":16,"column":18}},"16":{"start":{"line":17,"column":0},"end":{"line":17,"column":28}},"17":{"start":{"line":18,"column":0},"end":{"line":18,"column":53}},"18":{"start":{"line":19,"column":0},"end":{"line":19,"column":67}},"19":{"start":{"line":20,"column":0},"end":{"line":20,"column":18}},"20":{"start":{"line":21,"column":0},"end":{"line":21,"column":30}},"21":{"start":{"line":22,"column":0},"end":{"line":22,"column":55}},"22":{"start":{"line":23,"column":0},"end":{"line":23,"column":69}},"23":{"start":{"line":24,"column":0},"end":{"line":24,"column":18}},"24":{"start":{"line":25,"column":0},"end":{"line":25,"column":24}},"25":{"start":{"line":26,"column":0},"end":{"line":26,"column":49}},"26":{"start":{"line":27,"column":0},"end":{"line":27,"column":63}},"27":{"start":{"line":28,"column":0},"end":{"line":28,"column":18}},"28":{"start":{"line":29,"column":0},"end":{"line":29,"column":25}},"29":{"start":{"line":30,"column":0},"end":{"line":30,"column":50}},"30":{"start":{"line":31,"column":0},"end":{"line":31,"column":64}},"31":{"start":{"line":32,"column":0},"end":{"line":32,"column":18}},"32":{"start":{"line":33,"column":0},"end":{"line":33,"column":23}},"33":{"start":{"line":34,"column":0},"end":{"line":34,"column":48}},"34":{"start":{"line":35,"column":0},"end":{"line":35,"column":62}},"35":{"start":{"line":36,"column":0},"end":{"line":36,"column":18}},"36":{"start":{"line":37,"column":0},"end":{"line":37,"column":26}},"37":{"start":{"line":38,"column":0},"end":{"line":38,"column":51}},"38":{"start":{"line":39,"column":0},"end":{"line":39,"column":65}},"39":{"start":{"line":40,"column":0},"end":{"line":40,"column":18}},"40":{"start":{"line":41,"column":0},"end":{"line":41,"column":14}},"41":{"start":{"line":42,"column":0},"end":{"line":42,"column":27}},"42":{"start":{"line":43,"column":0},"end":{"line":43,"column":36}},"43":{"start":{"line":44,"column":0},"end":{"line":44,"column":48}},"44":{"start":{"line":45,"column":0},"end":{"line":45,"column":48}},"45":{"start":{"line":46,"column":0},"end":{"line":46,"column":14}},"46":{"start":{"line":47,"column":0},"end":{"line":47,"column":24}},"47":{"start":{"line":48,"column":0},"end":{"line":48,"column":35}},"48":{"start":{"line":49,"column":0},"end":{"line":49,"column":42}},"49":{"start":{"line":50,"column":0},"end":{"line":50,"column":76}},"50":{"start":{"line":51,"column":0},"end":{"line":51,"column":18}},"51":{"start":{"line":52,"column":0},"end":{"line":52,"column":33}},"52":{"start":{"line":53,"column":0},"end":{"line":53,"column":78}},"53":{"start":{"line":54,"column":0},"end":{"line":54,"column":40}},"54":{"start":{"line":55,"column":0},"end":{"line":55,"column":18}},"55":{"start":{"line":56,"column":0},"end":{"line":56,"column":30}},"56":{"start":{"line":57,"column":0},"end":{"line":57,"column":50}},"57":{"start":{"line":58,"column":0},"end":{"line":58,"column":46}},"58":{"start":{"line":59,"column":0},"end":{"line":59,"column":18}},"59":{"start":{"line":60,"column":0},"end":{"line":60,"column":14}},"60":{"start":{"line":61,"column":0},"end":{"line":61,"column":24}},"61":{"start":{"line":62,"column":0},"end":{"line":62,"column":65}},"62":{"start":{"line":63,"column":0},"end":{"line":63,"column":61}},"63":{"start":{"line":64,"column":0},"end":{"line":64,"column":67}},"64":{"start":{"line":65,"column":0},"end":{"line":65,"column":14}},"65":{"start":{"line":66,"column":0},"end":{"line":66,"column":10}},"66":{"start":{"line":67,"column":0},"end":{"line":67,"column":6}},"67":{"start":{"line":68,"column":0},"end":{"line":68,"column":46}},"68":{"start":{"line":69,"column":0},"end":{"line":69,"column":2}}},"s":{"0":0,"1":0,"2":0,"3":0,"4":0,"5":0,"6":0,"7":0,"8":0,"9":0,"10":0,"11":0,"12":0,"13":0,"14":0,"15":0,"16":0,"17":0,"18":0,"19":0,"20":0,"21":0,"22":0,"23":0,"24":0,"25":0,"26":0,"27":0,"28":0,"29":0,"30":0,"31":0,"32":0,"33":0,"34":0,"35":0,"36":0,"37":0,"38":0,"39":0,"40":0,"41":0,"42":0,"43":0,"44":0,"45":0,"46":0,"47":0,"48":0,"49":0,"50":0,"51":0,"52":0,"53":0,"54":0,"55":0,"56":0,"57":0,"58":0,"59":0,"60":0,"61":0,"62":0,"63":0,"64":0,"65":0,"66":0,"67":0,"68":0},"branchMap":{"0":{"type":"branch","line":1,"loc":{"start":{"line":1,"column":0},"end":{"line":69,"column":-6}},"locations":[{"start":{"line":1,"column":0},"end":{"line":69,"column":-6}}]}},"b":{"0":[0]},"fnMap":{"0":{"name":"(empty-report)","decl":{"start":{"line":1,"column":0},"end":{"line":69,"column":-6}},"loc":{"start":{"line":1,"column":0},"end":{"line":69,"column":-6}},"line":1}},"f":{"0":0}}
,"/mnt/c/Users/fufud.fauzidin/Work/projects/ai-interview-platform/web/public/audio-worklet-processor.js": {"path":"/mnt/c/Users/fufud.fauzidin/Work/projects/ai-interview-platform/web/public/audio-worklet-processor.js","all":true,"statementMap":{"0":{"start":{"line":1,"column":0},"end":{"line":1,"column":59}},"1":{"start":{"line":2,"column":0},"end":{"line":2,"column":80}},"2":{"start":{"line":3,"column":0},"end":{"line":3,"column":0}},"3":{"start":{"line":4,"column":0},"end":{"line":4,"column":50}},"4":{"start":{"line":5,"column":0},"end":{"line":5,"column":17}},"5":{"start":{"line":6,"column":0},"end":{"line":6,"column":12}},"6":{"start":{"line":7,"column":0},"end":{"line":7,"column":27}},"7":{"start":{"line":8,"column":0},"end":{"line":8,"column":3}},"8":{"start":{"line":9,"column":0},"end":{"line":9,"column":0}},"9":{"start":{"line":10,"column":0},"end":{"line":10,"column":19}},"10":{"start":{"line":11,"column":0},"end":{"line":11,"column":28}},"11":{"start":{"line":12,"column":0},"end":{"line":12,"column":51}},"12":{"start":{"line":13,"column":0},"end":{"line":13,"column":31}},"13":{"start":{"line":14,"column":0},"end":{"line":14,"column":0}},"14":{"start":{"line":15,"column":0},"end":{"line":15,"column":20}},"15":{"start":{"line":16,"column":0},"end":{"line":16,"column":18}},"16":{"start":{"line":17,"column":0},"end":{"line":17,"column":78}},"17":{"start":{"line":18,"column":0},"end":{"line":18,"column":50}},"18":{"start":{"line":19,"column":0},"end":{"line":19,"column":0}},"19":{"start":{"line":20,"column":0},"end":{"line":20,"column":36}},"20":{"start":{"line":21,"column":0},"end":{"line":21,"column":29}},"21":{"start":{"line":22,"column":0},"end":{"line":22,"column":62}},"22":{"start":{"line":23,"column":0},"end":{"line":23,"column":69}},"23":{"start":{"line":24,"column":0},"end":{"line":24,"column":55}},"24":{"start":{"line":25,"column":0},"end":{"line":25,"column":62}},"25":{"start":{"line":26,"column":0},"end":{"line":26,"column":9}},"26":{"start":{"line":27,"column":0},"end":{"line":27,"column":60}},"27":{"start":{"line":28,"column":0},"end":{"line":28,"column":20}},"28":{"start":{"line":29,"column":0},"end":{"line":29,"column":7}},"29":{"start":{"line":30,"column":0},"end":{"line":30,"column":0}},"30":{"start":{"line":31,"column":0},"end":{"line":31,"column":29}},"31":{"start":{"line":32,"column":0},"end":{"line":32,"column":51}},"32":{"start":{"line":33,"column":0},"end":{"line":33,"column":48}},"33":{"start":{"line":34,"column":0},"end":{"line":34,"column":56}},"34":{"start":{"line":35,"column":0},"end":{"line":35,"column":49}},"35":{"start":{"line":36,"column":0},"end":{"line":36,"column":7}},"36":{"start":{"line":37,"column":0},"end":{"line":37,"column":58}},"37":{"start":{"line":38,"column":0},"end":{"line":38,"column":5}},"38":{"start":{"line":39,"column":0},"end":{"line":39,"column":16}},"39":{"start":{"line":40,"column":0},"end":{"line":40,"column":3}},"40":{"start":{"line":41,"column":0},"end":{"line":41,"column":1}},"41":{"start":{"line":42,"column":0},"end":{"line":42,"column":0}},"42":{"start":{"line":43,"column":0},"end":{"line":43,"column":49}}},"s":{"0":0,"1":0,"2":0,"3":0,"4":0,"5":0,"6":0,"7":0,"8":0,"9":0,"10":0,"11":0,"12":0,"13":0,"14":0,"15":0,"16":0,"17":0,"18":0,"19":0,"20":0,"21":0,"22":0,"23":0,"24":0,"25":0,"26":0,"27":0,"28":0,"29":0,"30":0,"31":0,"32":0,"33":0,"34":0,"35":0,"36":0,"37":0,"38":0,"39":0,"40":0,"41":0,"42":0},"branchMap":{"0":{"type":"branch","line":1,"loc":{"start":{"line":1,"column":1408},"end":{"line":43,"column":49}},"locations":[{"start":{"line":1,"column":1408},"end":{"line":43,"column":49}}]}},"b":{"0":[0]},"fnMap":{"0":{"name":"(empty-report)","decl":{"start":{"line":1,"column":1408},"end":{"line":43,"column":49}},"loc":{"start":{"line":1,"column":1408},"end":{"line":43,"column":49}},"line":1}},"f":{"0":0}}
,"/mnt/c/Users/fufud.fauzidin/Work/projects/ai-interview-platform/web/src/App.tsx": {"path":"/mnt/c/Users/fufud.fauzidin/Work/projects/ai-interview-platform/web/src/App.tsx","all":true,"statementMap":{"0":{"start":{"line":1,"column":0},"end":{"line":1,"column":59}},"18":{"start":{"line":19,"column":0},"end":{"line":19,"column":31}},"19":{"start":{"line":20,"column":0},"end":{"line":20,"column":10}},"20":{"start":{"line":21,"column":0},"end":{"line":21,"column":12}},"22":{"start":{"line":23,"column":0},"end":{"line":23,"column":53}},"25":{"start":{"line":26,"column":0},"end":{"line":26,"column":42}},"26":{"start":{"line":27,"column":0},"end":{"line":27,"column":44}},"27":{"start":{"line":28,"column":0},"end":{"line":28,"column":77}},"28":{"start":{"line":29,"column":0},"end":{"line":29,"column":72}},"29":{"start":{"line":30,"column":0},"end":{"line":30,"column":75}},"30":{"start":{"line":31,"column":0},"end":{"line":31,"column":81}},"31":{"start":{"line":32,"column":0},"end":{"line":32,"column":85}},"32":{"start":{"line":33,"column":0},"end":{"line":33,"column":16}},"33":{"start":{"line":34,"column":0},"end":{"line":34,"column":63}},"34":{"start":{"line":35,"column":0},"end":{"line":35,"column":41}},"35":{"start":{"line":36,"column":0},"end":{"line":36,"column":12}},"36":{"start":{"line":37,"column":0},"end":{"line":37,"column":16}},"37":{"start":{"line":38,"column":0},"end":{"line":38,"column":65}},"38":{"start":{"line":39,"column":0},"end":{"line":39,"column":39}},"39":{"start":{"line":40,"column":0},"end":{"line":40,"column":12}},"40":{"start":{"line":41,"column":0},"end":{"line":41,"column":16}},"41":{"start":{"line":42,"column":0},"end":{"line":42,"column":66}},"42":{"start":{"line":43,"column":0},"end":{"line":43,"column":40}},"43":{"start":{"line":44,"column":0},"end":{"line":44,"column":12}},"44":{"start":{"line":45,"column":0},"end":{"line":45,"column":16}},"45":{"start":{"line":46,"column":0},"end":{"line":46,"column":73}},"46":{"start":{"line":47,"column":0},"end":{"line":47,"column":42}},"47":{"start":{"line":48,"column":0},"end":{"line":48,"column":12}},"48":{"start":{"line":49,"column":0},"end":{"line":49,"column":67}},"49":{"start":{"line":50,"column":0},"end":{"line":50,"column":70}},"50":{"start":{"line":51,"column":0},"end":{"line":51,"column":76}},"51":{"start":{"line":52,"column":0},"end":{"line":52,"column":16}},"52":{"start":{"line":53,"column":0},"end":{"line":53,"column":14}},"55":{"start":{"line":56,"column":0},"end":{"line":56,"column":43}},"56":{"start":{"line":57,"column":0},"end":{"line":57,"column":70}},"57":{"start":{"line":58,"column":0},"end":{"line":58,"column":14}},"58":{"start":{"line":59,"column":0},"end":{"line":59,"column":13}},"60":{"start":{"line":61,"column":0},"end":{"line":61,"column":1}}},"s":{"0":0,"18":0,"19":0,"20":0,"22":0,"25":0,"26":0,"27":0,"28":0,"29":0,"30":0,"31":0,"32":0,"33":0,"34":0,"35":0,"36":0,"37":0,"38":0,"39":0,"40":0,"41":0,"42":0,"43":0,"44":0,"45":0,"46":0,"47":0,"48":0,"49":0,"50":0,"51":0,"52":0,"55":0,"56":0,"57":0,"58":0,"60":0},"branchMap":{"0":{"type":"branch","line":1,"loc":{"start":{"line":1,"column":0},"end":{"line":61,"column":-1575}},"locations":[{"start":{"line":1,"column":0},"end":{"line":61,"column":-1575}}]}},"b":{"0":[0]},"fnMap":{"0":{"name":"(empty-report)","decl":{"start":{"line":1,"column":0},"end":{"line":61,"column":-1575}},"loc":{"start":{"line":1,"column":0},"end":{"line":61,"column":-1575}},"line":1}},"f":{"0":0}}
,"/mnt/c/Users/fufud.fauzidin/Work/projects/ai-interview-platform/web/src/main.tsx": {"path":"/mnt/c/Users/fufud.fauzidin/Work/projects/ai-interview-platform/web/src/main.tsx","all":true,"statementMap":{"0":{"start":{"line":1,"column":0},"end":{"line":1,"column":46}},"1":{"start":{"line":2,"column":0},"end":{"line":2,"column":49}},"2":{"start":{"line":3,"column":0},"end":{"line":3,"column":50}},"3":{"start":{"line":4,"column":0},"end":{"line":4,"column":21}},"4":{"start":{"line":5,"column":0},"end":{"line":5,"column":24}},"5":{"start":{"line":6,"column":0},"end":{"line":6,"column":55}},"7":{"start":{"line":8,"column":0},"end":{"line":8,"column":52}},"8":{"start":{"line":9,"column":0},"end":{"line":9,"column":19}},"9":{"start":{"line":10,"column":0},"end":{"line":10,"column":23}},"10":{"start":{"line":11,"column":0},"end":{"line":11,"column":27}},"11":{"start":{"line":12,"column":0},"end":{"line":12,"column":23}},"12":{"start":{"line":13,"column":0},"end":{"line":13,"column":28}},"13":{"start":{"line":14,"column":0},"end":{"line":14,"column":24}},"14":{"start":{"line":15,"column":0},"end":{"line":15,"column":20}},"15":{"start":{"line":16,"column":0},"end":{"line":16,"column":2}}},"s":{"0":0,"1":0,"2":0,"3":0,"4":0,"5":0,"7":0,"8":0,"9":0,"10":0,"11":0,"12":0,"13":0,"14":0,"15":0},"branchMap":{"0":{"type":"branch","line":1,"loc":{"start":{"line":1,"column":493},"end":{"line":16,"column":2}},"locations":[{"start":{"line":1,"column":493},"end":{"line":16,"column":2}}]}},"b":{"0":[0]},"fnMap":{"0":{"name":"(empty-report)","decl":{"start":{"line":1,"column":493},"end":{"line":16,"column":2}},"loc":{"start":{"line":1,"column":493},"end":{"line":16,"column":2}},"line":1}},"f":{"0":0}}
,"/mnt/c/Users/fufud.fauzidin/Work/projects/ai-interview-platform/web/src/components/ErrorBoundary.tsx": {"path":"/mnt/c/Users/fufud.fauzidin/Work/projects/ai-interview-platform/web/src/components/ErrorBoundary.tsx","all":true,"statementMap":{"0":{"start":{"line":1,"column":0},"end":{"line":1,"column":50}},"10":{"start":{"line":11,"column":0},"end":{"line":11,"column":68}},"11":{"start":{"line":12,"column":0},"end":{"line":12,"column":37}},"13":{"start":{"line":14,"column":0},"end":{"line":14,"column":44}},"14":{"start":{"line":15,"column":0},"end":{"line":15,"column":30}},"15":{"start":{"line":16,"column":0},"end":{"line":16,"column":3}},"17":{"start":{"line":18,"column":0},"end":{"line":18,"column":12}},"18":{"start":{"line":19,"column":0},"end":{"line":19,"column":30}},"19":{"start":{"line":20,"column":0},"end":{"line":20,"column":14}},"20":{"start":{"line":21,"column":0},"end":{"line":21,"column":75}},"21":{"start":{"line":22,"column":0},"end":{"line":22,"column":49}},"22":{"start":{"line":23,"column":0},"end":{"line":23,"column":64}},"23":{"start":{"line":24,"column":0},"end":{"line":24,"column":57}},"25":{"start":{"line":26,"column":0},"end":{"line":26,"column":16}},"26":{"start":{"line":27,"column":0},"end":{"line":27,"column":19}},"27":{"start":{"line":28,"column":0},"end":{"line":28,"column":56}},"28":{"start":{"line":29,"column":0},"end":{"line":29,"column":54}},"29":{"start":{"line":30,"column":0},"end":{"line":30,"column":13}},"31":{"start":{"line":32,"column":0},"end":{"line":32,"column":21}},"32":{"start":{"line":33,"column":0},"end":{"line":33,"column":16}},"33":{"start":{"line":34,"column":0},"end":{"line":34,"column":14}},"35":{"start":{"line":36,"column":0},"end":{"line":36,"column":5}},"36":{"start":{"line":37,"column":0},"end":{"line":37,"column":31}},"37":{"start":{"line":38,"column":0},"end":{"line":38,"column":3}},"38":{"start":{"line":39,"column":0},"end":{"line":39,"column":1}}},"s":{"0":0,"10":0,"11":0,"13":0,"14":0,"15":0,"17":0,"18":0,"19":0,"20":0,"21":0,"22":0,"23":0,"25":0,"26":0,"27":0,"28":0,"29":0,"31":0,"32":0,"33":0,"35":0,"36":0,"37":0,"38":0},"branchMap":{"0":{"type":"branch","line":1,"loc":{"start":{"line":1,"column":0},"end":{"line":39,"column":-431}},"locations":[{"start":{"line":1,"column":0},"end":{"line":39,"column":-431}}]}},"b":{"0":[0]},"fnMap":{"0":{"name":"(empty-report)","decl":{"start":{"line":1,"column":0},"end":{"line":39,"column":-431}},"loc":{"start":{"line":1,"column":0},"end":{"line":39,"column":-431}},"line":1}},"f":{"0":0}}
,"/mnt/c/Users/fufud.fauzidin/Work/projects/ai-interview-platform/web/src/components/HardwareCheck.tsx": {"path":"/mnt/c/Users/fufud.fauzidin/Work/projects/ai-interview-platform/web/src/components/HardwareCheck.tsx","all":true,"statementMap":{"0":{"start":{"line":1,"column":0},"end":{"line":1,"column":59}},"1":{"start":{"line":2,"column":0},"end":{"line":2,"column":108}},"9":{"start":{"line":10,"column":0},"end":{"line":10,"column":31}},"10":{"start":{"line":11,"column":0},"end":{"line":11,"column":48}},"11":{"start":{"line":12,"column":0},"end":{"line":12,"column":80}},"17":{"start":{"line":18,"column":0},"end":{"line":18,"column":59}},"18":{"start":{"line":19,"column":0},"end":{"line":19,"column":42}},"19":{"start":{"line":20,"column":0},"end":{"line":20,"column":82}},"20":{"start":{"line":21,"column":0},"end":{"line":21,"column":41}},"21":{"start":{"line":22,"column":0},"end":{"line":22,"column":66}},"22":{"start":{"line":23,"column":0},"end":{"line":23,"column":40}},"23":{"start":{"line":24,"column":0},"end":{"line":24,"column":64}},"24":{"start":{"line":25,"column":0},"end":{"line":25,"column":67}},"25":{"start":{"line":26,"column":0},"end":{"line":26,"column":1}},"27":{"start":{"line":28,"column":0},"end":{"line":28,"column":45}},"28":{"start":{"line":29,"column":0},"end":{"line":29,"column":64}},"29":{"start":{"line":30,"column":0},"end":{"line":30,"column":58}},"30":{"start":{"line":31,"column":0},"end":{"line":31,"column":57}},"31":{"start":{"line":32,"column":0},"end":{"line":32,"column":21}},"32":{"start":{"line":33,"column":0},"end":{"line":33,"column":1}},"34":{"start":{"line":35,"column":0},"end":{"line":35,"column":70}},"36":{"start":{"line":37,"column":0},"end":{"line":37,"column":70}},"37":{"start":{"line":38,"column":0},"end":{"line":38,"column":72}},"38":{"start":{"line":39,"column":0},"end":{"line":39,"column":46}},"39":{"start":{"line":40,"column":0},"end":{"line":40,"column":42}},"40":{"start":{"line":41,"column":0},"end":{"line":41,"column":40}},"41":{"start":{"line":42,"column":0},"end":{"line":42,"column":39}},"42":{"start":{"line":43,"column":0},"end":{"line":43,"column":44}},"43":{"start":{"line":44,"column":0},"end":{"line":44,"column":7}},"44":{"start":{"line":45,"column":0},"end":{"line":45,"column":54}},"45":{"start":{"line":46,"column":0},"end":{"line":46,"column":91}},"46":{"start":{"line":47,"column":0},"end":{"line":47,"column":77}},"47":{"start":{"line":48,"column":0},"end":{"line":48,"column":60}},"48":{"start":{"line":49,"column":0},"end":{"line":49,"column":52}},"50":{"start":{"line":51,"column":0},"end":{"line":51,"column":21}},"51":{"start":{"line":52,"column":0},"end":{"line":52,"column":79}},"52":{"start":{"line":53,"column":0},"end":{"line":53,"column":21}},"53":{"start":{"line":54,"column":0},"end":{"line":54,"column":54}},"54":{"start":{"line":55,"column":0},"end":{"line":55,"column":50}},"55":{"start":{"line":56,"column":0},"end":{"line":56,"column":48}},"56":{"start":{"line":57,"column":0},"end":{"line":57,"column":47}},"57":{"start":{"line":58,"column":0},"end":{"line":58,"column":49}},"58":{"start":{"line":59,"column":0},"end":{"line":59,"column":10}},"59":{"start":{"line":60,"column":0},"end":{"line":60,"column":19}},"61":{"start":{"line":62,"column":0},"end":{"line":62,"column":21}},"62":{"start":{"line":63,"column":0},"end":{"line":63,"column":86}},"63":{"start":{"line":64,"column":0},"end":{"line":64,"column":22}},"65":{"start":{"line":66,"column":0},"end":{"line":66,"column":21}},"66":{"start":{"line":67,"column":0},"end":{"line":67,"column":76}},"67":{"start":{"line":68,"column":0},"end":{"line":68,"column":22}},"69":{"start":{"line":70,"column":0},"end":{"line":70,"column":62}},"70":{"start":{"line":71,"column":0},"end":{"line":71,"column":13}},"71":{"start":{"line":72,"column":0},"end":{"line":72,"column":87}},"72":{"start":{"line":73,"column":0},"end":{"line":73,"column":39}},"73":{"start":{"line":74,"column":0},"end":{"line":74,"column":62}},"74":{"start":{"line":75,"column":0},"end":{"line":75,"column":47}},"75":{"start":{"line":76,"column":0},"end":{"line":76,"column":42}},"76":{"start":{"line":77,"column":0},"end":{"line":77,"column":30}},"77":{"start":{"line":78,"column":0},"end":{"line":78,"column":42}},"78":{"start":{"line":79,"column":0},"end":{"line":79,"column":60}},"79":{"start":{"line":80,"column":0},"end":{"line":80,"column":63}},"80":{"start":{"line":81,"column":0},"end":{"line":81,"column":39}},"81":{"start":{"line":82,"column":0},"end":{"line":82,"column":44}},"82":{"start":{"line":83,"column":0},"end":{"line":83,"column":24}},"83":{"start":{"line":84,"column":0},"end":{"line":84,"column":33}},"84":{"start":{"line":85,"column":0},"end":{"line":85,"column":6}},"86":{"start":{"line":87,"column":0},"end":{"line":87,"column":64}},"87":{"start":{"line":88,"column":0},"end":{"line":88,"column":13}},"88":{"start":{"line":89,"column":0},"end":{"line":89,"column":87}},"89":{"start":{"line":90,"column":0},"end":{"line":90,"column":39}},"90":{"start":{"line":91,"column":0},"end":{"line":91,"column":63}},"91":{"start":{"line":92,"column":0},"end":{"line":92,"column":50}},"92":{"start":{"line":93,"column":0},"end":{"line":93,"column":35}},"93":{"start":{"line":94,"column":0},"end":{"line":94,"column":37}},"94":{"start":{"line":95,"column":0},"end":{"line":95,"column":68}},"95":{"start":{"line":96,"column":0},"end":{"line":96,"column":34}},"96":{"start":{"line":97,"column":0},"end":{"line":97,"column":52}},"97":{"start":{"line":98,"column":0},"end":{"line":98,"column":89}},"98":{"start":{"line":99,"column":0},"end":{"line":99,"column":46}},"99":{"start":{"line":100,"column":0},"end":{"line":100,"column":14}},"100":{"start":{"line":101,"column":0},"end":{"line":101,"column":21}},"101":{"start":{"line":102,"column":0},"end":{"line":102,"column":32}},"102":{"start":{"line":103,"column":0},"end":{"line":103,"column":6}},"105":{"start":{"line":106,"column":0},"end":{"line":106,"column":21}},"106":{"start":{"line":107,"column":0},"end":{"line":107,"column":78}},"107":{"start":{"line":108,"column":0},"end":{"line":108,"column":26}},"108":{"start":{"line":109,"column":0},"end":{"line":109,"column":29}},"109":{"start":{"line":110,"column":0},"end":{"line":110,"column":24}},"110":{"start":{"line":111,"column":0},"end":{"line":111,"column":29}},"111":{"start":{"line":112,"column":0},"end":{"line":112,"column":33}},"112":{"start":{"line":113,"column":0},"end":{"line":113,"column":21}},"113":{"start":{"line":114,"column":0},"end":{"line":114,"column":53}},"114":{"start":{"line":115,"column":0},"end":{"line":115,"column":50}},"115":{"start":{"line":116,"column":0},"end":{"line":116,"column":16}},"116":{"start":{"line":117,"column":0},"end":{"line":117,"column":16}},"117":{"start":{"line":118,"column":0},"end":{"line":118,"column":11}},"120":{"start":{"line":121,"column":0},"end":{"line":121,"column":21}},"121":{"start":{"line":122,"column":0},"end":{"line":122,"column":66}},"122":{"start":{"line":123,"column":0},"end":{"line":123,"column":64}},"123":{"start":{"line":124,"column":0},"end":{"line":124,"column":38}},"124":{"start":{"line":125,"column":0},"end":{"line":125,"column":33}},"125":{"start":{"line":126,"column":0},"end":{"line":126,"column":21}},"126":{"start":{"line":127,"column":0},"end":{"line":127,"column":89}},"127":{"start":{"line":128,"column":0},"end":{"line":128,"column":33}},"128":{"start":{"line":129,"column":0},"end":{"line":129,"column":36}},"129":{"start":{"line":130,"column":0},"end":{"line":130,"column":61}},"130":{"start":{"line":131,"column":0},"end":{"line":131,"column":97}},"131":{"start":{"line":132,"column":0},"end":{"line":132,"column":26}},"132":{"start":{"line":133,"column":0},"end":{"line":133,"column":16}},"133":{"start":{"line":134,"column":0},"end":{"line":134,"column":11}},"134":{"start":{"line":135,"column":0},"end":{"line":135,"column":28}},"137":{"start":{"line":138,"column":0},"end":{"line":138,"column":21}},"138":{"start":{"line":139,"column":0},"end":{"line":139,"column":74}},"139":{"start":{"line":140,"column":0},"end":{"line":140,"column":94}},"140":{"start":{"line":141,"column":0},"end":{"line":141,"column":50}},"142":{"start":{"line":143,"column":0},"end":{"line":143,"column":40}},"143":{"start":{"line":144,"column":0},"end":{"line":144,"column":27}},"144":{"start":{"line":145,"column":0},"end":{"line":145,"column":85}},"146":{"start":{"line":147,"column":0},"end":{"line":147,"column":36}},"147":{"start":{"line":148,"column":0},"end":{"line":148,"column":25}},"148":{"start":{"line":149,"column":0},"end":{"line":149,"column":59}},"149":{"start":{"line":150,"column":0},"end":{"line":150,"column":50}},"150":{"start":{"line":151,"column":0},"end":{"line":151,"column":37}},"151":{"start":{"line":152,"column":0},"end":{"line":152,"column":25}},"152":{"start":{"line":153,"column":0},"end":{"line":153,"column":82}},"153":{"start":{"line":154,"column":0},"end":{"line":154,"column":55}},"154":{"start":{"line":155,"column":0},"end":{"line":155,"column":51}},"155":{"start":{"line":156,"column":0},"end":{"line":156,"column":20}},"156":{"start":{"line":157,"column":0},"end":{"line":157,"column":20}},"157":{"start":{"line":158,"column":0},"end":{"line":158,"column":37}},"158":{"start":{"line":159,"column":0},"end":{"line":159,"column":25}},"159":{"start":{"line":160,"column":0},"end":{"line":160,"column":81}},"160":{"start":{"line":161,"column":0},"end":{"line":161,"column":54}},"161":{"start":{"line":162,"column":0},"end":{"line":162,"column":20}},"162":{"start":{"line":163,"column":0},"end":{"line":163,"column":13}},"163":{"start":{"line":164,"column":0},"end":{"line":164,"column":11}},"164":{"start":{"line":165,"column":0},"end":{"line":165,"column":47}},"167":{"start":{"line":168,"column":0},"end":{"line":168,"column":21}},"168":{"start":{"line":169,"column":0},"end":{"line":169,"column":63}},"169":{"start":{"line":170,"column":0},"end":{"line":170,"column":43}},"170":{"start":{"line":171,"column":0},"end":{"line":171,"column":33}},"171":{"start":{"line":172,"column":0},"end":{"line":172,"column":21}},"172":{"start":{"line":173,"column":0},"end":{"line":173,"column":75}},"173":{"start":{"line":174,"column":0},"end":{"line":174,"column":16}},"174":{"start":{"line":175,"column":0},"end":{"line":175,"column":11}},"175":{"start":{"line":176,"column":0},"end":{"line":176,"column":25}},"177":{"start":{"line":178,"column":0},"end":{"line":178,"column":28}},"178":{"start":{"line":179,"column":0},"end":{"line":179,"column":58}},"179":{"start":{"line":180,"column":0},"end":{"line":180,"column":29}},"180":{"start":{"line":181,"column":0},"end":{"line":181,"column":32}},"181":{"start":{"line":182,"column":0},"end":{"line":182,"column":21}},"182":{"start":{"line":183,"column":0},"end":{"line":183,"column":50}},"183":{"start":{"line":184,"column":0},"end":{"line":184,"column":46}},"184":{"start":{"line":185,"column":0},"end":{"line":185,"column":44}},"185":{"start":{"line":186,"column":0},"end":{"line":186,"column":43}},"186":{"start":{"line":187,"column":0},"end":{"line":187,"column":48}},"187":{"start":{"line":188,"column":0},"end":{"line":188,"column":11}},"188":{"start":{"line":189,"column":0},"end":{"line":189,"column":6}},"190":{"start":{"line":191,"column":0},"end":{"line":191,"column":42}},"192":{"start":{"line":193,"column":0},"end":{"line":193,"column":76}},"193":{"start":{"line":194,"column":0},"end":{"line":194,"column":55}},"194":{"start":{"line":195,"column":0},"end":{"line":195,"column":47}},"195":{"start":{"line":196,"column":0},"end":{"line":196,"column":81}},"196":{"start":{"line":197,"column":0},"end":{"line":197,"column":51}},"197":{"start":{"line":198,"column":0},"end":{"line":198,"column":48}},"198":{"start":{"line":199,"column":0},"end":{"line":199,"column":6}},"200":{"start":{"line":201,"column":0},"end":{"line":201,"column":86}},"202":{"start":{"line":203,"column":0},"end":{"line":203,"column":12}},"203":{"start":{"line":204,"column":0},"end":{"line":204,"column":67}},"205":{"start":{"line":206,"column":0},"end":{"line":206,"column":79}},"206":{"start":{"line":207,"column":0},"end":{"line":207,"column":32}},"207":{"start":{"line":208,"column":0},"end":{"line":208,"column":110}},"209":{"start":{"line":210,"column":0},"end":{"line":210,"column":124}},"210":{"start":{"line":211,"column":0},"end":{"line":211,"column":102}},"211":{"start":{"line":212,"column":0},"end":{"line":212,"column":169}},"212":{"start":{"line":213,"column":0},"end":{"line":213,"column":30}},"213":{"start":{"line":214,"column":0},"end":{"line":214,"column":68}},"214":{"start":{"line":215,"column":0},"end":{"line":215,"column":26}},"216":{"start":{"line":217,"column":0},"end":{"line":217,"column":79}},"217":{"start":{"line":218,"column":0},"end":{"line":218,"column":142}},"218":{"start":{"line":219,"column":0},"end":{"line":219,"column":92}},"220":{"start":{"line":221,"column":0},"end":{"line":221,"column":27}},"222":{"start":{"line":223,"column":0},"end":{"line":223,"column":19}},"225":{"start":{"line":226,"column":0},"end":{"line":226,"column":38}},"226":{"start":{"line":227,"column":0},"end":{"line":227,"column":47}},"227":{"start":{"line":228,"column":0},"end":{"line":228,"column":57}},"228":{"start":{"line":229,"column":0},"end":{"line":229,"column":75}},"229":{"start":{"line":230,"column":0},"end":{"line":230,"column":80}},"230":{"start":{"line":231,"column":0},"end":{"line":231,"column":69}},"231":{"start":{"line":232,"column":0},"end":{"line":232,"column":67}},"232":{"start":{"line":233,"column":0},"end":{"line":233,"column":137}},"233":{"start":{"line":234,"column":0},"end":{"line":234,"column":98}},"234":{"start":{"line":235,"column":0},"end":{"line":235,"column":63}},"235":{"start":{"line":236,"column":0},"end":{"line":236,"column":40}},"236":{"start":{"line":237,"column":0},"end":{"line":237,"column":63}},"237":{"start":{"line":238,"column":0},"end":{"line":238,"column":39}},"238":{"start":{"line":239,"column":0},"end":{"line":239,"column":34}},"239":{"start":{"line":240,"column":0},"end":{"line":240,"column":30}},"242":{"start":{"line":243,"column":0},"end":{"line":243,"column":66}},"243":{"start":{"line":244,"column":0},"end":{"line":244,"column":69}},"244":{"start":{"line":245,"column":0},"end":{"line":245,"column":144}},"245":{"start":{"line":246,"column":0},"end":{"line":246,"column":68}},"246":{"start":{"line":247,"column":0},"end":{"line":247,"column":39}},"247":{"start":{"line":248,"column":0},"end":{"line":248,"column":140}},"248":{"start":{"line":249,"column":0},"end":{"line":249,"column":66}},"249":{"start":{"line":250,"column":0},"end":{"line":250,"column":39}},"250":{"start":{"line":251,"column":0},"end":{"line":251,"column":134}},"251":{"start":{"line":252,"column":0},"end":{"line":252,"column":60}},"252":{"start":{"line":253,"column":0},"end":{"line":253,"column":39}},"253":{"start":{"line":254,"column":0},"end":{"line":254,"column":34}},"257":{"start":{"line":258,"column":0},"end":{"line":258,"column":100}},"258":{"start":{"line":259,"column":0},"end":{"line":259,"column":74}},"259":{"start":{"line":260,"column":0},"end":{"line":260,"column":100}},"260":{"start":{"line":261,"column":0},"end":{"line":261,"column":40}},"261":{"start":{"line":262,"column":0},"end":{"line":262,"column":99}},"262":{"start":{"line":263,"column":0},"end":{"line":263,"column":94}},"263":{"start":{"line":264,"column":0},"end":{"line":264,"column":38}},"264":{"start":{"line":265,"column":0},"end":{"line":265,"column":38}},"265":{"start":{"line":266,"column":0},"end":{"line":266,"column":114}},"266":{"start":{"line":267,"column":0},"end":{"line":267,"column":34}},"268":{"start":{"line":269,"column":0},"end":{"line":269,"column":26}},"269":{"start":{"line":270,"column":0},"end":{"line":270,"column":19}},"270":{"start":{"line":271,"column":0},"end":{"line":271,"column":18}},"273":{"start":{"line":274,"column":0},"end":{"line":274,"column":100}},"274":{"start":{"line":275,"column":0},"end":{"line":275,"column":30}},"275":{"start":{"line":276,"column":0},"end":{"line":276,"column":75}},"276":{"start":{"line":277,"column":0},"end":{"line":277,"column":68}},"278":{"start":{"line":279,"column":0},"end":{"line":279,"column":29}},"280":{"start":{"line":281,"column":0},"end":{"line":281,"column":23}},"281":{"start":{"line":282,"column":0},"end":{"line":282,"column":29}},"282":{"start":{"line":283,"column":0},"end":{"line":283,"column":39}},"283":{"start":{"line":284,"column":0},"end":{"line":284,"column":41}},"284":{"start":{"line":285,"column":0},"end":{"line":285,"column":37}},"285":{"start":{"line":286,"column":0},"end":{"line":286,"column":17}},"287":{"start":{"line":288,"column":0},"end":{"line":288,"column":25}},"288":{"start":{"line":289,"column":0},"end":{"line":289,"column":18}},"289":{"start":{"line":290,"column":0},"end":{"line":290,"column":14}},"291":{"start":{"line":292,"column":0},"end":{"line":292,"column":2}},"293":{"start":{"line":294,"column":0},"end":{"line":294,"column":29}}},"s":{"0":0,"1":0,"9":0,"10":0,"11":0,"17":0,"18":0,"19":0,"20":0,"21":0,"22":0,"23":0,"24":0,"25":0,"27":0,"28":0,"29":0,"30":0,"31":0,"32":0,"34":0,"36":0,"37":0,"38":0,"39":0,"40":0,"41":0,"42":0,"43":0,"44":0,"45":0,"46":0,"47":0,"48":0,"50":0,"51":0,"52":0,"53":0,"54":0,"55":0,"56":0,"57":0,"58":0,"59":0,"61":0,"62":0,"63":0,"65":0,"66":0,"67":0,"69":0,"70":0,"71":0,"72":0,"73":0,"74":0,"75":0,"76":0,"77":0,"78":0,"79":0,"80":0,"81":0,"82":0,"83":0,"84":0,"86":0,"87":0,"88":0,"89":0,"90":0,"91":0,"92":0,"93":0,"94":0,"95":0,"96":0,"97":0,"98":0,"99":0,"100":0,"101":0,"102":0,"105":0,"106":0,"107":0,"108":0,"109":0,"110":0,"111":0,"112":0,"113":0,"114":0,"115":0,"116":0,"117":0,"120":0,"121":0,"122":0,"123":0,"124":0,"125":0,"126":0,"127":0,"128":0,"129":0,"130":0,"131":0,"132":0,"133":0,"134":0,"137":0,"138":0,"139":0,"140":0,"142":0,"143":0,"144":0,"146":0,"147":0,"148":0,"149":0,"150":0,"151":0,"152":0,"153":0,"154":0,"155":0,"156":0,"157":0,"158":0,"159":0,"160":0,"161":0,"162":0,"163":0,"164":0,"167":0,"168":0,"169":0,"170":0,"171":0,"172":0,"173":0,"174":0,"175":0,"177":0,"178":0,"179":0,"180":0,"181":0,"182":0,"183":0,"184":0,"185":0,"186":0,"187":0,"188":0,"190":0,"192":0,"193":0,"194":0,"195":0,"196":0,"197":0,"198":0,"200":0,"202":0,"203":0,"205":0,"206":0,"207":0,"209":0,"210":0,"211":0,"212":0,"213":0,"214":0,"216":0,"217":0,"218":0,"220":0,"222":0,"225":0,"226":0,"227":0,"228":0,"229":0,"230":0,"231":0,"232":0,"233":0,"234":0,"235":0,"236":0,"237":0,"238":0,"239":0,"242":0,"243":0,"244":0,"245":0,"246":0,"247":0,"248":0,"249":0,"250":0,"251":0,"252":0,"253":0,"257":0,"258":0,"259":0,"260":0,"261":0,"262":0,"263":0,"264":0,"265":0,"266":0,"268":0,"269":0,"270":0,"273":0,"274":0,"275":0,"276":0,"278":0,"280":0,"281":0,"282":0,"283":0,"284":0,"285":0,"287":0,"288":0,"289":0,"291":0,"293":0},"branchMap":{"0":{"type":"branch","line":1,"loc":{"start":{"line":1,"column":0},"end":{"line":294,"column":-3323}},"locations":[{"start":{"line":1,"column":0},"end":{"line":294,"column":-3323}}]}},"b":{"0":[0]},"fnMap":{"0":{"name":"(empty-report)","decl":{"start":{"line":1,"column":0},"end":{"line":294,"column":-3323}},"loc":{"start":{"line":1,"column":0},"end":{"line":294,"column":-3323}},"line":1}},"f":{"0":0}}
,"/mnt/c/Users/fufud.fauzidin/Work/projects/ai-interview-platform/web/src/components/ProtectedRoute.tsx": {"path":"/mnt/c/Users/fufud.fauzidin/Work/projects/ai-interview-platform/web/src/components/ProtectedRoute.tsx","all":true,"statementMap":{"0":{"start":{"line":1,"column":0},"end":{"line":1,"column":37}},"4":{"start":{"line":5,"column":0},"end":{"line":5,"column":42}},"5":{"start":{"line":6,"column":0},"end":{"line":6,"column":43}},"6":{"start":{"line":7,"column":0},"end":{"line":7,"column":54}},"7":{"start":{"line":8,"column":0},"end":{"line":8,"column":20}},"8":{"start":{"line":9,"column":0},"end":{"line":9,"column":1}}},"s":{"0":0,"4":0,"5":0,"6":0,"7":0,"8":0},"branchMap":{"0":{"type":"branch","line":1,"loc":{"start":{"line":1,"column":310},"end":{"line":9,"column":1}},"locations":[{"start":{"line":1,"column":310},"end":{"line":9,"column":1}}]}},"b":{"0":[0]},"fnMap":{"0":{"name":"(empty-report)","decl":{"start":{"line":1,"column":310},"end":{"line":9,"column":1}},"loc":{"start":{"line":1,"column":310},"end":{"line":9,"column":1}},"line":1}},"f":{"0":0}}
,"/mnt/c/Users/fufud.fauzidin/Work/projects/ai-interview-platform/web/src/components/StatusIndicator.tsx": {"path":"/mnt/c/Users/fufud.fauzidin/Work/projects/ai-interview-platform/web/src/components/StatusIndicator.tsx","all":true,"statementMap":{"0":{"start":{"line":1,"column":0},"end":{"line":1,"column":26}},"1":{"start":{"line":2,"column":0},"end":{"line":2,"column":61}},"2":{"start":{"line":3,"column":0},"end":{"line":3,"column":56}},"8":{"start":{"line":9,"column":0},"end":{"line":9,"column":72}},"9":{"start":{"line":10,"column":0},"end":{"line":10,"column":44}},"10":{"start":{"line":11,"column":0},"end":{"line":11,"column":16}},"11":{"start":{"line":12,"column":0},"end":{"line":12,"column":53}},"12":{"start":{"line":13,"column":0},"end":{"line":13,"column":73}},"13":{"start":{"line":14,"column":0},"end":{"line":14,"column":77}},"14":{"start":{"line":15,"column":0},"end":{"line":15,"column":18}},"16":{"start":{"line":17,"column":0},"end":{"line":17,"column":5}},"17":{"start":{"line":18,"column":0},"end":{"line":18,"column":43}},"18":{"start":{"line":19,"column":0},"end":{"line":19,"column":16}},"19":{"start":{"line":20,"column":0},"end":{"line":20,"column":53}},"20":{"start":{"line":21,"column":0},"end":{"line":21,"column":66}},"21":{"start":{"line":22,"column":0},"end":{"line":22,"column":74}},"22":{"start":{"line":23,"column":0},"end":{"line":23,"column":18}},"24":{"start":{"line":25,"column":0},"end":{"line":25,"column":5}},"25":{"start":{"line":26,"column":0},"end":{"line":26,"column":42}},"26":{"start":{"line":27,"column":0},"end":{"line":27,"column":16}},"27":{"start":{"line":28,"column":0},"end":{"line":28,"column":53}},"28":{"start":{"line":29,"column":0},"end":{"line":29,"column":64}},"29":{"start":{"line":30,"column":0},"end":{"line":30,"column":76}},"30":{"start":{"line":31,"column":0},"end":{"line":31,"column":18}},"32":{"start":{"line":33,"column":0},"end":{"line":33,"column":5}},"33":{"start":{"line":34,"column":0},"end":{"line":34,"column":12}},"34":{"start":{"line":35,"column":0},"end":{"line":35,"column":49}},"35":{"start":{"line":36,"column":0},"end":{"line":36,"column":61}},"36":{"start":{"line":37,"column":0},"end":{"line":37,"column":78}},"37":{"start":{"line":38,"column":0},"end":{"line":38,"column":14}},"39":{"start":{"line":40,"column":0},"end":{"line":40,"column":2}},"41":{"start":{"line":42,"column":0},"end":{"line":42,"column":31}}},"s":{"0":0,"1":0,"2":0,"8":0,"9":0,"10":0,"11":0,"12":0,"13":0,"14":0,"16":0,"17":0,"18":0,"19":0,"20":0,"21":0,"22":0,"24":0,"25":0,"26":0,"27":0,"28":0,"29":0,"30":0,"32":0,"33":0,"34":0,"35":0,"36":0,"37":0,"39":0,"41":0},"branchMap":{"0":{"type":"branch","line":1,"loc":{"start":{"line":1,"column":0},"end":{"line":42,"column":-831}},"locations":[{"start":{"line":1,"column":0},"end":{"line":42,"column":-831}}]}},"b":{"0":[0]},"fnMap":{"0":{"name":"(empty-report)","decl":{"start":{"line":1,"column":0},"end":{"line":42,"column":-831}},"loc":{"start":{"line":1,"column":0},"end":{"line":42,"column":-831}},"line":1}},"f":{"0":0}}
,"/mnt/c/Users/fufud.fauzidin/Work/projects/ai-interview-platform/web/src/components/assessment/CustomSkillForm.tsx": {"path":"/mnt/c/Users/fufud.fauzidin/Work/projects/ai-interview-platform/web/src/components/assessment/CustomSkillForm.tsx","all":false,"statementMap":{"0":{"start":{"line":1,"column":0},"end":{"line":1,"column":8}},"19":{"start":{"line":20,"column":0},"end":{"line":20,"column":52}},"20":{"start":{"line":21,"column":0},"end":{"line":21,"column":46}},"21":{"start":{"line":22,"column":0},"end":{"line":22,"column":46}},"22":{"start":{"line":23,"column":0},"end":{"line":23,"column":46}},"23":{"start":{"line":24,"column":0},"end":{"line":24,"column":46}},"24":{"start":{"line":25,"column":0},"end":{"line":25,"column":46}},"25":{"start":{"line":26,"column":0},"end":{"line":26,"column":2}},"27":{"start":{"line":28,"column":0},"end":{"line":28,"column":41}},"28":{"start":{"line":29,"column":0},"end":{"line":29,"column":8}},"29":{"start":{"line":30,"column":0},"end":{"line":30,"column":7}},"30":{"start":{"line":31,"column":0},"end":{"line":31,"column":26}},"31":{"start":{"line":32,"column":0},"end":{"line":32,"column":47}},"33":{"start":{"line":34,"column":0},"end":{"line":34,"column":35}},"34":{"start":{"line":35,"column":0},"end":{"line":35,"column":12}},"35":{"start":{"line":36,"column":0},"end":{"line":36,"column":5}},"37":{"start":{"line":38,"column":0},"end":{"line":38,"column":34}},"38":{"start":{"line":39,"column":0},"end":{"line":39,"column":12}},"39":{"start":{"line":40,"column":0},"end":{"line":40,"column":43}},"40":{"start":{"line":41,"column":0},"end":{"line":41,"column":5}},"42":{"start":{"line":43,"column":0},"end":{"line":43,"column":45}},"44":{"start":{"line":45,"column":0},"end":{"line":45,"column":10}},"45":{"start":{"line":46,"column":0},"end":{"line":46,"column":36}},"46":{"start":{"line":47,"column":0},"end":{"line":47,"column":35}},"47":{"start":{"line":48,"column":0},"end":{"line":48,"column":55}},"48":{"start":{"line":49,"column":0},"end":{"line":49,"column":58}},"49":{"start":{"line":50,"column":0},"end":{"line":50,"column":16}},"51":{"start":{"line":52,"column":0},"end":{"line":52,"column":14}},"52":{"start":{"line":53,"column":0},"end":{"line":53,"column":44}},"53":{"start":{"line":54,"column":0},"end":{"line":54,"column":42}},"54":{"start":{"line":55,"column":0},"end":{"line":55,"column":44}},"55":{"start":{"line":56,"column":0},"end":{"line":56,"column":25}},"56":{"start":{"line":57,"column":0},"end":{"line":57,"column":54}},"57":{"start":{"line":58,"column":0},"end":{"line":58,"column":10}},"59":{"start":{"line":60,"column":0},"end":{"line":60,"column":38}},"60":{"start":{"line":61,"column":0},"end":{"line":61,"column":62}},"61":{"start":{"line":62,"column":0},"end":{"line":62,"column":45}},"62":{"start":{"line":63,"column":0},"end":{"line":63,"column":14}},"64":{"start":{"line":65,"column":0},"end":{"line":65,"column":12}},"66":{"start":{"line":67,"column":0},"end":{"line":67,"column":35}},"67":{"start":{"line":68,"column":0},"end":{"line":68,"column":57}},"68":{"start":{"line":69,"column":0},"end":{"line":69,"column":42}},"69":{"start":{"line":70,"column":0},"end":{"line":70,"column":53}},"70":{"start":{"line":71,"column":0},"end":{"line":71,"column":16}},"72":{"start":{"line":73,"column":0},"end":{"line":73,"column":17}},"73":{"start":{"line":74,"column":0},"end":{"line":74,"column":46}},"74":{"start":{"line":75,"column":0},"end":{"line":75,"column":106}},"75":{"start":{"line":76,"column":0},"end":{"line":76,"column":18}},"76":{"start":{"line":77,"column":0},"end":{"line":77,"column":24}},"77":{"start":{"line":78,"column":0},"end":{"line":78,"column":41}},"78":{"start":{"line":79,"column":0},"end":{"line":79,"column":63}},"79":{"start":{"line":80,"column":0},"end":{"line":80,"column":12}},"80":{"start":{"line":81,"column":0},"end":{"line":81,"column":56}},"81":{"start":{"line":82,"column":0},"end":{"line":82,"column":10}},"83":{"start":{"line":84,"column":0},"end":{"line":84,"column":40}},"84":{"start":{"line":85,"column":0},"end":{"line":85,"column":62}},"85":{"start":{"line":86,"column":0},"end":{"line":86,"column":47}},"86":{"start":{"line":87,"column":0},"end":{"line":87,"column":14}},"88":{"start":{"line":89,"column":0},"end":{"line":89,"column":12}},"90":{"start":{"line":91,"column":0},"end":{"line":91,"column":33}},"92":{"start":{"line":93,"column":0},"end":{"line":93,"column":11}},"93":{"start":{"line":94,"column":0},"end":{"line":94,"column":24}},"94":{"start":{"line":95,"column":0},"end":{"line":95,"column":24}},"95":{"start":{"line":96,"column":0},"end":{"line":96,"column":24}},"96":{"start":{"line":97,"column":0},"end":{"line":97,"column":24}},"97":{"start":{"line":98,"column":0},"end":{"line":98,"column":24}},"98":{"start":{"line":99,"column":0},"end":{"line":99,"column":20}},"99":{"start":{"line":100,"column":0},"end":{"line":100,"column":27}},"100":{"start":{"line":101,"column":0},"end":{"line":101,"column":48}},"102":{"start":{"line":103,"column":0},"end":{"line":103,"column":18}},"103":{"start":{"line":104,"column":0},"end":{"line":104,"column":49}},"104":{"start":{"line":105,"column":0},"end":{"line":105,"column":56}},"105":{"start":{"line":106,"column":0},"end":{"line":106,"column":36}},"106":{"start":{"line":107,"column":0},"end":{"line":107,"column":59}},"107":{"start":{"line":108,"column":0},"end":{"line":108,"column":22}},"109":{"start":{"line":110,"column":0},"end":{"line":110,"column":23}},"110":{"start":{"line":111,"column":0},"end":{"line":111,"column":45}},"111":{"start":{"line":112,"column":0},"end":{"line":112,"column":55}},"112":{"start":{"line":113,"column":0},"end":{"line":113,"column":24}},"113":{"start":{"line":114,"column":0},"end":{"line":114,"column":30}},"114":{"start":{"line":115,"column":0},"end":{"line":115,"column":31}},"115":{"start":{"line":116,"column":0},"end":{"line":116,"column":69}},"116":{"start":{"line":117,"column":0},"end":{"line":117,"column":18}},"117":{"start":{"line":118,"column":0},"end":{"line":118,"column":55}},"118":{"start":{"line":119,"column":0},"end":{"line":119,"column":16}},"120":{"start":{"line":121,"column":0},"end":{"line":121,"column":30}},"121":{"start":{"line":122,"column":0},"end":{"line":122,"column":68}},"122":{"start":{"line":123,"column":0},"end":{"line":123,"column":38}},"123":{"start":{"line":124,"column":0},"end":{"line":124,"column":20}},"125":{"start":{"line":126,"column":0},"end":{"line":126,"column":18}},"127":{"start":{"line":128,"column":0},"end":{"line":128,"column":11}},"128":{"start":{"line":129,"column":0},"end":{"line":129,"column":12}},"130":{"start":{"line":131,"column":0},"end":{"line":131,"column":35}},"131":{"start":{"line":132,"column":0},"end":{"line":132,"column":37}},"133":{"start":{"line":134,"column":0},"end":{"line":134,"column":19}},"134":{"start":{"line":135,"column":0},"end":{"line":135,"column":36}},"135":{"start":{"line":136,"column":0},"end":{"line":136,"column":30}},"136":{"start":{"line":137,"column":0},"end":{"line":137,"column":61}},"138":{"start":{"line":139,"column":0},"end":{"line":139,"column":10}},"139":{"start":{"line":140,"column":0},"end":{"line":140,"column":12}},"140":{"start":{"line":141,"column":0},"end":{"line":141,"column":10}},"142":{"start":{"line":143,"column":0},"end":{"line":143,"column":1}}},"s":{"0":1,"19":1,"20":1,"21":1,"22":1,"23":1,"24":1,"25":1,"27":18,"28":18,"29":18,"30":18,"31":18,"33":18,"34":18,"35":18,"37":18,"38":18,"39":18,"40":18,"42":18,"44":18,"45":18,"46":18,"47":18,"48":18,"49":18,"51":18,"52":18,"53":18,"54":18,"55":18,"56":18,"57":18,"59":18,"60":2,"61":2,"62":2,"64":18,"66":18,"67":18,"68":18,"69":18,"70":18,"72":18,"73":18,"74":18,"75":18,"76":18,"77":18,"78":2,"79":18,"80":18,"81":18,"83":18,"84":2,"85":2,"86":2,"88":18,"90":18,"92":18,"93":18,"94":18,"95":18,"96":18,"97":18,"98":18,"99":18,"100":90,"102":90,"103":90,"104":90,"105":90,"106":90,"107":90,"109":90,"110":90,"111":90,"112":90,"113":90,"114":90,"115":0,"116":90,"117":90,"118":90,"120":90,"121":0,"122":0,"123":0,"125":90,"127":18,"128":18,"130":18,"131":18,"133":18,"134":18,"135":18,"136":1,"138":18,"139":18,"140":18,"142":18},"branchMap":{"0":{"type":"branch","line":28,"loc":{"start":{"line":28,"column":0},"end":{"line":143,"column":1}},"locations":[{"start":{"line":28,"column":0},"end":{"line":143,"column":1}}]},"1":{"type":"branch","line":43,"loc":{"start":{"line":43,"column":29},"end":{"line":43,"column":45}},"locations":[{"start":{"line":43,"column":29},"end":{"line":43,"column":45}}]},"2":{"type":"branch","line":55,"loc":{"start":{"line":55,"column":19},"end":{"line":55,"column":44}},"locations":[{"start":{"line":55,"column":19},"end":{"line":55,"column":44}}]},"3":{"type":"branch","line":60,"loc":{"start":{"line":60,"column":9},"end":{"line":60,"column":38}},"locations":[{"start":{"line":60,"column":9},"end":{"line":60,"column":38}}]},"4":{"type":"branch","line":60,"loc":{"start":{"line":60,"column":22},"end":{"line":63,"column":14}},"locations":[{"start":{"line":60,"column":22},"end":{"line":63,"column":14}}]},"5":{"type":"branch","line":78,"loc":{"start":{"line":78,"column":12},"end":{"line":78,"column":41}},"locations":[{"start":{"line":78,"column":12},"end":{"line":78,"column":41}}]},"6":{"type":"branch","line":78,"loc":{"start":{"line":78,"column":25},"end":{"line":79,"column":63}},"locations":[{"start":{"line":78,"column":25},"end":{"line":79,"column":63}}]},"7":{"type":"branch","line":84,"loc":{"start":{"line":84,"column":9},"end":{"line":84,"column":40}},"locations":[{"start":{"line":84,"column":9},"end":{"line":84,"column":40}}]},"8":{"type":"branch","line":84,"loc":{"start":{"line":84,"column":22},"end":{"line":87,"column":14}},"locations":[{"start":{"line":84,"column":22},"end":{"line":87,"column":14}}]},"9":{"type":"branch","line":135,"loc":{"start":{"line":135,"column":17},"end":{"line":135,"column":36}},"locations":[{"start":{"line":135,"column":17},"end":{"line":135,"column":36}}]},"10":{"type":"branch","line":100,"loc":{"start":{"line":100,"column":14},"end":{"line":128,"column":9}},"locations":[{"start":{"line":100,"column":14},"end":{"line":128,"column":9}}]},"11":{"type":"branch","line":101,"loc":{"start":{"line":101,"column":29},"end":{"line":101,"column":48}},"locations":[{"start":{"line":101,"column":29},"end":{"line":101,"column":48}}]},"12":{"type":"branch","line":115,"loc":{"start":{"line":115,"column":18},"end":{"line":116,"column":69}},"locations":[{"start":{"line":115,"column":18},"end":{"line":116,"column":69}}]},"13":{"type":"branch","line":121,"loc":{"start":{"line":121,"column":15},"end":{"line":124,"column":20}},"locations":[{"start":{"line":121,"column":15},"end":{"line":124,"column":20}}]},"14":{"type":"branch","line":136,"loc":{"start":{"line":136,"column":20},"end":{"line":137,"column":61}},"locations":[{"start":{"line":136,"column":20},"end":{"line":137,"column":61}}]}},"b":{"0":[18],"1":[2],"2":[2],"3":[2],"4":[2],"5":[2],"6":[2],"7":[2],"8":[2],"9":[0],"10":[90],"11":[10],"12":[0],"13":[0],"14":[1]},"fnMap":{"0":{"name":"CustomSkillForm","decl":{"start":{"line":28,"column":0},"end":{"line":143,"column":1}},"loc":{"start":{"line":28,"column":0},"end":{"line":143,"column":1}},"line":28},"1":{"name":"onChange","decl":{"start":{"line":136,"column":20},"end":{"line":137,"column":61}},"loc":{"start":{"line":136,"column":20},"end":{"line":137,"column":61}},"line":136}},"f":{"0":18,"1":1}}
,"/mnt/c/Users/fufud.fauzidin/Work/projects/ai-interview-platform/web/src/components/assessment/DialogInvite.tsx": {"path":"/mnt/c/Users/fufud.fauzidin/Work/projects/ai-interview-platform/web/src/components/assessment/DialogInvite.tsx","all":true,"statementMap":{"0":{"start":{"line":1,"column":0},"end":{"line":1,"column":26}},"9":{"start":{"line":10,"column":0},"end":{"line":10,"column":32}},"10":{"start":{"line":11,"column":0},"end":{"line":11,"column":48}},"11":{"start":{"line":12,"column":0},"end":{"line":12,"column":46}},"12":{"start":{"line":13,"column":0},"end":{"line":13,"column":46}},"23":{"start":{"line":24,"column":0},"end":{"line":24,"column":82}},"24":{"start":{"line":25,"column":0},"end":{"line":25,"column":79}},"26":{"start":{"line":27,"column":0},"end":{"line":27,"column":10}},"27":{"start":{"line":28,"column":0},"end":{"line":28,"column":52}},"28":{"start":{"line":29,"column":0},"end":{"line":29,"column":45}},"29":{"start":{"line":30,"column":0},"end":{"line":30,"column":48}},"30":{"start":{"line":31,"column":0},"end":{"line":31,"column":24}},"31":{"start":{"line":32,"column":0},"end":{"line":32,"column":55}},"32":{"start":{"line":33,"column":0},"end":{"line":33,"column":25}},"33":{"start":{"line":34,"column":0},"end":{"line":34,"column":42}},"34":{"start":{"line":35,"column":0},"end":{"line":35,"column":42}},"35":{"start":{"line":36,"column":0},"end":{"line":36,"column":94}},"36":{"start":{"line":37,"column":0},"end":{"line":37,"column":56}},"37":{"start":{"line":38,"column":0},"end":{"line":38,"column":20}},"39":{"start":{"line":40,"column":0},"end":{"line":40,"column":66}},"40":{"start":{"line":41,"column":0},"end":{"line":41,"column":18}},"41":{"start":{"line":42,"column":0},"end":{"line":42,"column":33}},"42":{"start":{"line":43,"column":0},"end":{"line":43,"column":45}},"43":{"start":{"line":44,"column":0},"end":{"line":44,"column":45}},"44":{"start":{"line":45,"column":0},"end":{"line":45,"column":45}},"45":{"start":{"line":46,"column":0},"end":{"line":46,"column":23}},"46":{"start":{"line":47,"column":0},"end":{"line":47,"column":14}},"47":{"start":{"line":48,"column":0},"end":{"line":48,"column":126}},"48":{"start":{"line":49,"column":0},"end":{"line":49,"column":110}},"49":{"start":{"line":50,"column":0},"end":{"line":50,"column":16}},"50":{"start":{"line":51,"column":0},"end":{"line":51,"column":24}},"51":{"start":{"line":52,"column":0},"end":{"line":52,"column":128}},"52":{"start":{"line":53,"column":0},"end":{"line":53,"column":88}},"53":{"start":{"line":54,"column":0},"end":{"line":54,"column":25}},"54":{"start":{"line":55,"column":0},"end":{"line":55,"column":15}},"55":{"start":{"line":56,"column":0},"end":{"line":56,"column":22}},"56":{"start":{"line":57,"column":0},"end":{"line":57,"column":13}},"58":{"start":{"line":59,"column":0},"end":{"line":59,"column":2}},"60":{"start":{"line":61,"column":0},"end":{"line":61,"column":40}}},"s":{"0":0,"9":0,"10":0,"11":0,"12":0,"23":0,"24":0,"26":0,"27":0,"28":0,"29":0,"30":0,"31":0,"32":0,"33":0,"34":0,"35":0,"36":0,"37":0,"39":0,"40":0,"41":0,"42":0,"43":0,"44":0,"45":0,"46":0,"47":0,"48":0,"49":0,"50":0,"51":0,"52":0,"53":0,"54":0,"55":0,"56":0,"58":0,"60":0},"branchMap":{"0":{"type":"branch","line":1,"loc":{"start":{"line":1,"column":0},"end":{"line":61,"column":-983}},"locations":[{"start":{"line":1,"column":0},"end":{"line":61,"column":-983}}]}},"b":{"0":[0]},"fnMap":{"0":{"name":"(empty-report)","decl":{"start":{"line":1,"column":0},"end":{"line":61,"column":-983}},"loc":{"start":{"line":1,"column":0},"end":{"line":61,"column":-983}},"line":1}},"f":{"0":0}}
,"/mnt/c/Users/fufud.fauzidin/Work/projects/ai-interview-platform/web/src/components/assessment/LevelRadio.tsx": {"path":"/mnt/c/Users/fufud.fauzidin/Work/projects/ai-interview-platform/web/src/components/assessment/LevelRadio.tsx","all":false,"statementMap":{"0":{"start":{"line":1,"column":0},"end":{"line":1,"column":26}},"1":{"start":{"line":2,"column":0},"end":{"line":2,"column":73}},"2":{"start":{"line":3,"column":0},"end":{"line":3,"column":46}},"3":{"start":{"line":4,"column":0},"end":{"line":4,"column":49}},"4":{"start":{"line":5,"column":0},"end":{"line":5,"column":33}},"13":{"start":{"line":14,"column":0},"end":{"line":14,"column":106}},"14":{"start":{"line":15,"column":0},"end":{"line":15,"column":10}},"15":{"start":{"line":16,"column":0},"end":{"line":16,"column":15}},"16":{"start":{"line":17,"column":0},"end":{"line":17,"column":27}},"17":{"start":{"line":18,"column":0},"end":{"line":18,"column":48}},"18":{"start":{"line":19,"column":0},"end":{"line":19,"column":25}},"19":{"start":{"line":20,"column":0},"end":{"line":20,"column":58}},"21":{"start":{"line":22,"column":0},"end":{"line":22,"column":39}},"22":{"start":{"line":23,"column":0},"end":{"line":23,"column":61}},"23":{"start":{"line":24,"column":0},"end":{"line":24,"column":72}},"24":{"start":{"line":25,"column":0},"end":{"line":25,"column":83}},"25":{"start":{"line":26,"column":0},"end":{"line":26,"column":33}},"26":{"start":{"line":27,"column":0},"end":{"line":27,"column":18}},"27":{"start":{"line":28,"column":0},"end":{"line":28,"column":14}},"28":{"start":{"line":29,"column":0},"end":{"line":29,"column":9}},"29":{"start":{"line":30,"column":0},"end":{"line":30,"column":17}},"31":{"start":{"line":32,"column":0},"end":{"line":32,"column":2}}},"s":{"0":1,"1":1,"2":1,"3":1,"4":1,"13":1,"14":41,"15":41,"16":41,"17":41,"18":41,"19":41,"21":41,"22":205,"23":205,"24":205,"25":205,"26":205,"27":205,"28":41,"29":41,"31":41},"branchMap":{"0":{"type":"branch","line":14,"loc":{"start":{"line":14,"column":26},"end":{"line":32,"column":2}},"locations":[{"start":{"line":14,"column":26},"end":{"line":32,"column":2}}]},"1":{"type":"branch","line":18,"loc":{"start":{"line":18,"column":21},"end":{"line":18,"column":48}},"locations":[{"start":{"line":18,"column":21},"end":{"line":18,"column":48}}]},"2":{"type":"branch","line":22,"loc":{"start":{"line":22,"column":27},"end":{"line":28,"column":14}},"locations":[{"start":{"line":22,"column":27},"end":{"line":28,"column":14}}]}},"b":{"0":[41],"1":[7],"2":[205]},"fnMap":{"0":{"name":"LevelRadio","decl":{"start":{"line":14,"column":26},"end":{"line":32,"column":2}},"loc":{"start":{"line":14,"column":26},"end":{"line":32,"column":2}},"line":14},"1":{"name":"onValueChange","decl":{"start":{"line":18,"column":21},"end":{"line":18,"column":48}},"loc":{"start":{"line":18,"column":21},"end":{"line":18,"column":48}},"line":18}},"f":{"0":41,"1":7}}
,"/mnt/c/Users/fufud.fauzidin/Work/projects/ai-interview-platform/web/src/components/assessment/SkillCard.tsx": {"path":"/mnt/c/Users/fufud.fauzidin/Work/projects/ai-interview-platform/web/src/components/assessment/SkillCard.tsx","all":false,"statementMap":{"0":{"start":{"line":1,"column":0},"end":{"line":1,"column":40}},"2":{"start":{"line":3,"column":0},"end":{"line":3,"column":58}},"3":{"start":{"line":4,"column":0},"end":{"line":4,"column":48}},"4":{"start":{"line":5,"column":0},"end":{"line":5,"column":41}},"5":{"start":{"line":6,"column":0},"end":{"line":6,"column":74}},"6":{"start":{"line":7,"column":0},"end":{"line":7,"column":38}},"7":{"start":{"line":8,"column":0},"end":{"line":8,"column":48}},"8":{"start":{"line":9,"column":0},"end":{"line":9,"column":33}},"18":{"start":{"line":19,"column":0},"end":{"line":19,"column":93}},"19":{"start":{"line":20,"column":0},"end":{"line":20,"column":56}},"20":{"start":{"line":21,"column":0},"end":{"line":21,"column":103}},"22":{"start":{"line":23,"column":0},"end":{"line":23,"column":77}},"23":{"start":{"line":24,"column":0},"end":{"line":24,"column":36}},"24":{"start":{"line":25,"column":0},"end":{"line":25,"column":55}},"26":{"start":{"line":27,"column":0},"end":{"line":27,"column":17}},"27":{"start":{"line":28,"column":0},"end":{"line":28,"column":49}},"28":{"start":{"line":29,"column":0},"end":{"line":29,"column":15}},"29":{"start":{"line":30,"column":0},"end":{"line":30,"column":4}},"31":{"start":{"line":32,"column":0},"end":{"line":32,"column":10}},"32":{"start":{"line":33,"column":0},"end":{"line":33,"column":8}},"33":{"start":{"line":34,"column":0},"end":{"line":34,"column":22}},"34":{"start":{"line":35,"column":0},"end":{"line":35,"column":19}},"35":{"start":{"line":36,"column":0},"end":{"line":36,"column":20}},"36":{"start":{"line":37,"column":0},"end":{"line":37,"column":37}},"37":{"start":{"line":38,"column":0},"end":{"line":38,"column":44}},"38":{"start":{"line":39,"column":0},"end":{"line":39,"column":8}},"41":{"start":{"line":42,"column":0},"end":{"line":42,"column":59}},"42":{"start":{"line":43,"column":0},"end":{"line":43,"column":15}},"43":{"start":{"line":44,"column":0},"end":{"line":44,"column":23}},"44":{"start":{"line":45,"column":0},"end":{"line":45,"column":88}},"45":{"start":{"line":46,"column":0},"end":{"line":46,"column":25}},"46":{"start":{"line":47,"column":0},"end":{"line":47,"column":24}},"48":{"start":{"line":49,"column":0},"end":{"line":49,"column":46}},"49":{"start":{"line":50,"column":0},"end":{"line":50,"column":17}},"51":{"start":{"line":52,"column":0},"end":{"line":52,"column":40}},"52":{"start":{"line":53,"column":0},"end":{"line":53,"column":51}},"53":{"start":{"line":54,"column":0},"end":{"line":54,"column":78}},"54":{"start":{"line":55,"column":0},"end":{"line":55,"column":69}},"55":{"start":{"line":56,"column":0},"end":{"line":56,"column":108}},"56":{"start":{"line":57,"column":0},"end":{"line":57,"column":19}},"57":{"start":{"line":58,"column":0},"end":{"line":58,"column":16}},"58":{"start":{"line":59,"column":0},"end":{"line":59,"column":14}},"60":{"start":{"line":61,"column":0},"end":{"line":61,"column":15}},"61":{"start":{"line":62,"column":0},"end":{"line":62,"column":23}},"62":{"start":{"line":63,"column":0},"end":{"line":63,"column":28}},"63":{"start":{"line":64,"column":0},"end":{"line":64,"column":84}},"64":{"start":{"line":65,"column":0},"end":{"line":65,"column":35}},"66":{"start":{"line":67,"column":0},"end":{"line":67,"column":35}},"67":{"start":{"line":68,"column":0},"end":{"line":68,"column":17}},"68":{"start":{"line":69,"column":0},"end":{"line":69,"column":12}},"71":{"start":{"line":72,"column":0},"end":{"line":72,"column":43}},"72":{"start":{"line":73,"column":0},"end":{"line":73,"column":21}},"73":{"start":{"line":74,"column":0},"end":{"line":74,"column":55}},"75":{"start":{"line":76,"column":0},"end":{"line":76,"column":37}},"77":{"start":{"line":78,"column":0},"end":{"line":78,"column":19}},"78":{"start":{"line":79,"column":0},"end":{"line":79,"column":27}},"79":{"start":{"line":80,"column":0},"end":{"line":80,"column":55}},"80":{"start":{"line":81,"column":0},"end":{"line":81,"column":86}},"82":{"start":{"line":83,"column":0},"end":{"line":83,"column":104}},"83":{"start":{"line":84,"column":0},"end":{"line":84,"column":73}},"84":{"start":{"line":85,"column":0},"end":{"line":85,"column":21}},"86":{"start":{"line":87,"column":0},"end":{"line":87,"column":29}},"87":{"start":{"line":88,"column":0},"end":{"line":88,"column":95}},"88":{"start":{"line":89,"column":0},"end":{"line":89,"column":49}},"89":{"start":{"line":90,"column":0},"end":{"line":90,"column":93}},"90":{"start":{"line":91,"column":0},"end":{"line":91,"column":35}},"91":{"start":{"line":92,"column":0},"end":{"line":92,"column":37}},"92":{"start":{"line":93,"column":0},"end":{"line":93,"column":92}},"93":{"start":{"line":94,"column":0},"end":{"line":94,"column":26}},"94":{"start":{"line":95,"column":0},"end":{"line":95,"column":27}},"95":{"start":{"line":96,"column":0},"end":{"line":96,"column":19}},"96":{"start":{"line":97,"column":0},"end":{"line":97,"column":20}},"99":{"start":{"line":100,"column":0},"end":{"line":100,"column":41}},"100":{"start":{"line":101,"column":0},"end":{"line":101,"column":84}},"101":{"start":{"line":102,"column":0},"end":{"line":102,"column":25}},"102":{"start":{"line":103,"column":0},"end":{"line":103,"column":50}},"103":{"start":{"line":104,"column":0},"end":{"line":104,"column":84}},"104":{"start":{"line":105,"column":0},"end":{"line":105,"column":16}},"105":{"start":{"line":106,"column":0},"end":{"line":106,"column":18}},"106":{"start":{"line":107,"column":0},"end":{"line":107,"column":16}},"108":{"start":{"line":109,"column":0},"end":{"line":109,"column":12}},"109":{"start":{"line":110,"column":0},"end":{"line":110,"column":10}},"111":{"start":{"line":112,"column":0},"end":{"line":112,"column":2}}},"s":{"0":1,"2":1,"3":1,"4":1,"5":1,"6":1,"7":1,"8":1,"18":1,"19":20,"20":20,"22":20,"23":20,"24":20,"26":20,"27":20,"28":20,"29":20,"31":20,"32":20,"33":20,"34":20,"35":20,"36":20,"37":20,"38":20,"41":20,"42":20,"43":20,"44":20,"45":20,"46":20,"48":20,"49":20,"51":20,"52":20,"53":20,"54":20,"55":20,"56":20,"57":20,"58":20,"60":20,"61":20,"62":20,"63":20,"64":20,"66":20,"67":20,"68":20,"71":20,"72":20,"73":4,"75":16,"77":16,"78":16,"79":16,"80":16,"82":16,"83":16,"84":16,"86":16,"87":1,"88":1,"89":5,"90":5,"91":5,"92":5,"93":5,"94":0,"95":1,"96":1,"99":16,"100":16,"101":16,"102":16,"103":16,"104":16,"105":16,"106":16,"108":20,"109":20,"111":20},"branchMap":{"0":{"type":"branch","line":19,"loc":{"start":{"line":19,"column":26},"end":{"line":112,"column":2}},"locations":[{"start":{"line":19,"column":26},"end":{"line":112,"column":2}}]},"1":{"type":"branch","line":25,"loc":{"start":{"line":25,"column":28},"end":{"line":25,"column":55}},"locations":[{"start":{"line":25,"column":28},"end":{"line":25,"column":55}}]},"2":{"type":"branch","line":38,"loc":{"start":{"line":38,"column":8},"end":{"line":38,"column":44}},"locations":[{"start":{"line":38,"column":8},"end":{"line":38,"column":44}}]},"3":{"type":"branch","line":56,"loc":{"start":{"line":56,"column":15},"end":{"line":56,"column":37}},"locations":[{"start":{"line":56,"column":15},"end":{"line":56,"column":37}}]},"4":{"type":"branch","line":56,"loc":{"start":{"line":56,"column":26},"end":{"line":56,"column":108}},"locations":[{"start":{"line":56,"column":26},"end":{"line":56,"column":108}}]},"5":{"type":"branch","line":56,"loc":{"start":{"line":56,"column":100},"end":{"line":56,"column":108}},"locations":[{"start":{"line":56,"column":100},"end":{"line":56,"column":108}}]},"6":{"type":"branch","line":73,"loc":{"start":{"line":73,"column":9},"end":{"line":74,"column":55}},"locations":[{"start":{"line":73,"column":9},"end":{"line":74,"column":55}}]},"7":{"type":"branch","line":74,"loc":{"start":{"line":74,"column":53},"end":{"line":107,"column":16}},"locations":[{"start":{"line":74,"column":53},"end":{"line":107,"column":16}}]},"8":{"type":"branch","line":83,"loc":{"start":{"line":83,"column":15},"end":{"line":83,"column":67}},"locations":[{"start":{"line":83,"column":15},"end":{"line":83,"column":67}}]},"9":{"type":"branch","line":83,"loc":{"start":{"line":83,"column":62},"end":{"line":83,"column":104}},"locations":[{"start":{"line":83,"column":62},"end":{"line":83,"column":104}}]},"10":{"type":"branch","line":84,"loc":{"start":{"line":84,"column":15},"end":{"line":84,"column":52}},"locations":[{"start":{"line":84,"column":15},"end":{"line":84,"column":52}}]},"11":{"type":"branch","line":84,"loc":{"start":{"line":84,"column":29},"end":{"line":84,"column":73}},"locations":[{"start":{"line":84,"column":29},"end":{"line":84,"column":73}}]},"12":{"type":"branch","line":87,"loc":{"start":{"line":87,"column":13},"end":{"line":97,"column":20}},"locations":[{"start":{"line":87,"column":13},"end":{"line":97,"column":20}}]},"13":{"type":"branch","line":103,"loc":{"start":{"line":103,"column":30},"end":{"line":103,"column":50}},"locations":[{"start":{"line":103,"column":30},"end":{"line":103,"column":50}}]},"14":{"type":"branch","line":80,"loc":{"start":{"line":80,"column":23},"end":{"line":80,"column":55}},"locations":[{"start":{"line":80,"column":23},"end":{"line":80,"column":55}}]},"15":{"type":"branch","line":80,"loc":{"start":{"line":80,"column":44},"end":{"line":80,"column":53}},"locations":[{"start":{"line":80,"column":44},"end":{"line":80,"column":53}}]},"16":{"type":"branch","line":89,"loc":{"start":{"line":89,"column":37},"end":{"line":96,"column":17}},"locations":[{"start":{"line":89,"column":37},"end":{"line":96,"column":17}}]},"17":{"type":"branch","line":94,"loc":{"start":{"line":94,"column":20},"end":{"line":95,"column":27}},"locations":[{"start":{"line":94,"column":20},"end":{"line":95,"column":27}}]},"18":{"type":"branch","line":104,"loc":{"start":{"line":104,"column":26},"end":{"line":104,"column":84}},"locations":[{"start":{"line":104,"column":26},"end":{"line":104,"column":84}}]}},"b":{"0":[20],"1":[2],"2":[2],"3":[4],"4":[16],"5":[0],"6":[4],"7":[16],"8":[1],"9":[15],"10":[1],"11":[15],"12":[1],"13":[0],"14":[2],"15":[2],"16":[5],"17":[0],"18":[1]},"fnMap":{"0":{"name":"SkillCard","decl":{"start":{"line":19,"column":26},"end":{"line":112,"column":2}},"loc":{"start":{"line":19,"column":26},"end":{"line":112,"column":2}},"line":19},"1":{"name":"onClick","decl":{"start":{"line":80,"column":23},"end":{"line":80,"column":55}},"loc":{"start":{"line":80,"column":23},"end":{"line":80,"column":55}},"line":80},"2":{"name":"onChange","decl":{"start":{"line":104,"column":26},"end":{"line":104,"column":84}},"loc":{"start":{"line":104,"column":26},"end":{"line":104,"column":84}},"line":104}},"f":{"0":20,"1":2,"2":1}}
,"/mnt/c/Users/fufud.fauzidin/Work/projects/ai-interview-platform/web/src/components/assessment/SkillPicker.tsx": {"path":"/mnt/c/Users/fufud.fauzidin/Work/projects/ai-interview-platform/web/src/components/assessment/SkillPicker.tsx","all":true,"statementMap":{"0":{"start":{"line":1,"column":0},"end":{"line":1,"column":26}},"6":{"start":{"line":7,"column":0},"end":{"line":7,"column":32}},"7":{"start":{"line":8,"column":0},"end":{"line":8,"column":46}},"8":{"start":{"line":9,"column":0},"end":{"line":9,"column":47}},"10":{"start":{"line":11,"column":0},"end":{"line":11,"column":72}},"11":{"start":{"line":12,"column":0},"end":{"line":12,"column":48}},"19":{"start":{"line":20,"column":0},"end":{"line":20,"column":100}},"20":{"start":{"line":21,"column":0},"end":{"line":21,"column":130}},"22":{"start":{"line":23,"column":0},"end":{"line":23,"column":10}},"23":{"start":{"line":24,"column":0},"end":{"line":24,"column":52}},"24":{"start":{"line":25,"column":0},"end":{"line":25,"column":42}},"25":{"start":{"line":26,"column":0},"end":{"line":26,"column":22}},"26":{"start":{"line":27,"column":0},"end":{"line":27,"column":57}},"27":{"start":{"line":28,"column":0},"end":{"line":28,"column":23}},"29":{"start":{"line":30,"column":0},"end":{"line":30,"column":34}},"30":{"start":{"line":31,"column":0},"end":{"line":31,"column":103}},"31":{"start":{"line":32,"column":0},"end":{"line":32,"column":16}},"32":{"start":{"line":33,"column":0},"end":{"line":33,"column":42}},"33":{"start":{"line":34,"column":0},"end":{"line":34,"column":25}},"34":{"start":{"line":35,"column":0},"end":{"line":35,"column":54}},"35":{"start":{"line":36,"column":0},"end":{"line":36,"column":28}},"36":{"start":{"line":37,"column":0},"end":{"line":37,"column":21}},"37":{"start":{"line":38,"column":0},"end":{"line":38,"column":39}},"38":{"start":{"line":39,"column":0},"end":{"line":39,"column":12}},"39":{"start":{"line":40,"column":0},"end":{"line":40,"column":14}},"41":{"start":{"line":42,"column":0},"end":{"line":42,"column":65}},"42":{"start":{"line":43,"column":0},"end":{"line":43,"column":22}},"43":{"start":{"line":44,"column":0},"end":{"line":44,"column":67}},"44":{"start":{"line":45,"column":0},"end":{"line":45,"column":80}},"45":{"start":{"line":46,"column":0},"end":{"line":46,"column":18}},"46":{"start":{"line":47,"column":0},"end":{"line":47,"column":23}},"47":{"start":{"line":48,"column":0},"end":{"line":48,"column":93}},"48":{"start":{"line":49,"column":0},"end":{"line":49,"column":59}},"50":{"start":{"line":51,"column":0},"end":{"line":51,"column":18}},"52":{"start":{"line":53,"column":0},"end":{"line":53,"column":88}},"54":{"start":{"line":55,"column":0},"end":{"line":55,"column":23}},"55":{"start":{"line":56,"column":0},"end":{"line":56,"column":18}},"56":{"start":{"line":57,"column":0},"end":{"line":57,"column":39}},"57":{"start":{"line":58,"column":0},"end":{"line":58,"column":94}},"59":{"start":{"line":60,"column":0},"end":{"line":60,"column":33}},"60":{"start":{"line":61,"column":0},"end":{"line":61,"column":21}},"61":{"start":{"line":62,"column":0},"end":{"line":62,"column":32}},"62":{"start":{"line":63,"column":0},"end":{"line":63,"column":29}},"63":{"start":{"line":64,"column":0},"end":{"line":64,"column":47}},"64":{"start":{"line":65,"column":0},"end":{"line":65,"column":106}},"66":{"start":{"line":67,"column":0},"end":{"line":67,"column":31}},"67":{"start":{"line":68,"column":0},"end":{"line":68,"column":23}},"68":{"start":{"line":69,"column":0},"end":{"line":69,"column":14}},"70":{"start":{"line":71,"column":0},"end":{"line":71,"column":14}},"71":{"start":{"line":72,"column":0},"end":{"line":72,"column":22}},"72":{"start":{"line":73,"column":0},"end":{"line":73,"column":13}},"74":{"start":{"line":75,"column":0},"end":{"line":75,"column":2}}},"s":{"0":0,"6":0,"7":0,"8":0,"10":0,"11":0,"19":0,"20":0,"22":0,"23":0,"24":0,"25":0,"26":0,"27":0,"29":0,"30":0,"31":0,"32":0,"33":0,"34":0,"35":0,"36":0,"37":0,"38":0,"39":0,"41":0,"42":0,"43":0,"44":0,"45":0,"46":0,"47":0,"48":0,"50":0,"52":0,"54":0,"55":0,"56":0,"57":0,"59":0,"60":0,"61":0,"62":0,"63":0,"64":0,"66":0,"67":0,"68":0,"70":0,"71":0,"72":0,"74":0},"branchMap":{"0":{"type":"branch","line":1,"loc":{"start":{"line":1,"column":0},"end":{"line":75,"column":-1401}},"locations":[{"start":{"line":1,"column":0},"end":{"line":75,"column":-1401}}]}},"b":{"0":[0]},"fnMap":{"0":{"name":"(empty-report)","decl":{"start":{"line":1,"column":0},"end":{"line":75,"column":-1401}},"loc":{"start":{"line":1,"column":0},"end":{"line":75,"column":-1401}},"line":1}},"f":{"0":0}}
,"/mnt/c/Users/fufud.fauzidin/Work/projects/ai-interview-platform/web/src/components/assessment/useSkillPicker.tsx": {"path":"/mnt/c/Users/fufud.fauzidin/Work/projects/ai-interview-platform/web/src/components/assessment/useSkillPicker.tsx","all":false,"statementMap":{"0":{"start":{"line":1,"column":0},"end":{"line":1,"column":26}},"5":{"start":{"line":6,"column":0},"end":{"line":6,"column":87}},"6":{"start":{"line":7,"column":0},"end":{"line":7,"column":66}},"7":{"start":{"line":8,"column":0},"end":{"line":8,"column":54}},"8":{"start":{"line":9,"column":0},"end":{"line":9,"column":47}},"9":{"start":{"line":10,"column":0},"end":{"line":10,"column":50}},"11":{"start":{"line":12,"column":0},"end":{"line":12,"column":51}},"12":{"start":{"line":13,"column":0},"end":{"line":13,"column":21}},"13":{"start":{"line":14,"column":0},"end":{"line":14,"column":20}},"15":{"start":{"line":16,"column":0},"end":{"line":16,"column":9}},"16":{"start":{"line":17,"column":0},"end":{"line":17,"column":50}},"18":{"start":{"line":19,"column":0},"end":{"line":19,"column":49}},"19":{"start":{"line":20,"column":0},"end":{"line":20,"column":13}},"20":{"start":{"line":21,"column":0},"end":{"line":21,"column":20}},"21":{"start":{"line":22,"column":0},"end":{"line":22,"column":21}},"22":{"start":{"line":23,"column":0},"end":{"line":23,"column":15}},"23":{"start":{"line":24,"column":0},"end":{"line":24,"column":24}},"24":{"start":{"line":25,"column":0},"end":{"line":25,"column":5}},"25":{"start":{"line":26,"column":0},"end":{"line":26,"column":9}},"27":{"start":{"line":28,"column":0},"end":{"line":28,"column":25}},"28":{"start":{"line":29,"column":0},"end":{"line":29,"column":22}},"29":{"start":{"line":30,"column":0},"end":{"line":30,"column":21}},"30":{"start":{"line":31,"column":0},"end":{"line":31,"column":24}},"32":{"start":{"line":33,"column":0},"end":{"line":33,"column":40}},"33":{"start":{"line":34,"column":0},"end":{"line":34,"column":48}},"34":{"start":{"line":35,"column":0},"end":{"line":35,"column":35}},"35":{"start":{"line":36,"column":0},"end":{"line":36,"column":63}},"36":{"start":{"line":37,"column":0},"end":{"line":37,"column":6}},"37":{"start":{"line":38,"column":0},"end":{"line":38,"column":22}},"39":{"start":{"line":40,"column":0},"end":{"line":40,"column":64}},"40":{"start":{"line":41,"column":0},"end":{"line":41,"column":14}},"41":{"start":{"line":42,"column":0},"end":{"line":42,"column":26}},"42":{"start":{"line":43,"column":0},"end":{"line":43,"column":33}},"43":{"start":{"line":44,"column":0},"end":{"line":44,"column":23}},"44":{"start":{"line":45,"column":0},"end":{"line":45,"column":24}},"45":{"start":{"line":46,"column":0},"end":{"line":46,"column":37}},"46":{"start":{"line":47,"column":0},"end":{"line":47,"column":29}},"47":{"start":{"line":48,"column":0},"end":{"line":48,"column":29}},"48":{"start":{"line":49,"column":0},"end":{"line":49,"column":29}},"49":{"start":{"line":50,"column":0},"end":{"line":50,"column":29}},"50":{"start":{"line":51,"column":0},"end":{"line":51,"column":29}},"51":{"start":{"line":52,"column":0},"end":{"line":52,"column":7}},"52":{"start":{"line":53,"column":0},"end":{"line":53,"column":24}},"53":{"start":{"line":54,"column":0},"end":{"line":54,"column":17}},"54":{"start":{"line":55,"column":0},"end":{"line":55,"column":9}},"56":{"start":{"line":57,"column":0},"end":{"line":57,"column":10}},"57":{"start":{"line":58,"column":0},"end":{"line":58,"column":10}},"58":{"start":{"line":59,"column":0},"end":{"line":59,"column":12}},"59":{"start":{"line":60,"column":0},"end":{"line":60,"column":10}},"60":{"start":{"line":61,"column":0},"end":{"line":61,"column":13}},"61":{"start":{"line":62,"column":0},"end":{"line":62,"column":14}},"62":{"start":{"line":63,"column":0},"end":{"line":63,"column":17}},"63":{"start":{"line":64,"column":0},"end":{"line":64,"column":13}},"64":{"start":{"line":65,"column":0},"end":{"line":65,"column":4}},"65":{"start":{"line":66,"column":0},"end":{"line":66,"column":1}}},"s":{"0":1,"5":1,"6":27,"7":27,"8":27,"9":27,"11":27,"12":8,"13":8,"15":8,"16":8,"18":8,"19":8,"20":2,"21":2,"22":8,"23":8,"24":8,"25":27,"27":27,"28":9,"29":7,"30":27,"32":27,"33":20,"34":20,"35":16,"36":20,"37":27,"39":27,"40":1,"41":1,"42":1,"43":1,"44":1,"45":1,"46":1,"47":1,"48":1,"49":1,"50":1,"51":1,"52":1,"53":1,"54":27,"56":27,"57":27,"58":27,"59":27,"60":27,"61":27,"62":27,"63":27,"64":27,"65":27},"branchMap":{"0":{"type":"branch","line":6,"loc":{"start":{"line":6,"column":30},"end":{"line":66,"column":1}},"locations":[{"start":{"line":6,"column":30},"end":{"line":66,"column":1}}]},"1":{"type":"branch","line":12,"loc":{"start":{"line":12,"column":38},"end":{"line":26,"column":5}},"locations":[{"start":{"line":12,"column":38},"end":{"line":26,"column":5}}]},"2":{"type":"branch","line":17,"loc":{"start":{"line":17,"column":48},"end":{"line":19,"column":45}},"locations":[{"start":{"line":17,"column":48},"end":{"line":19,"column":45}}]},"3":{"type":"branch","line":19,"loc":{"start":{"line":19,"column":25},"end":{"line":19,"column":47}},"locations":[{"start":{"line":19,"column":25}
[...]
e":14,"column":10}},"14":{"start":{"line":15,"column":0},"end":{"line":15,"column":10}},"15":{"start":{"line":16,"column":0},"end":{"line":16,"column":2}},"17":{"start":{"line":18,"column":0},"end":{"line":18,"column":59}},"18":{"start":{"line":19,"column":0},"end":{"line":19,"column":20}},"19":{"start":{"line":20,"column":0},"end":{"line":20,"column":18}},"20":{"start":{"line":21,"column":0},"end":{"line":21,"column":18}},"21":{"start":{"line":22,"column":0},"end":{"line":22,"column":16}},"22":{"start":{"line":23,"column":0},"end":{"line":23,"column":14}},"23":{"start":{"line":24,"column":0},"end":{"line":24,"column":2}},"26":{"start":{"line":27,"column":0},"end":{"line":27,"column":60}},"27":{"start":{"line":28,"column":0},"end":{"line":28,"column":39}},"28":{"start":{"line":29,"column":0},"end":{"line":29,"column":33}},"29":{"start":{"line":30,"column":0},"end":{"line":30,"column":33}},"30":{"start":{"line":31,"column":0},"end":{"line":31,"column":37}},"31":{"start":{"line":32,"column":0},"end":{"line":32,"column":37}},"32":{"start":{"line":33,"column":0},"end":{"line":33,"column":2}},"35":{"start":{"line":36,"column":0},"end":{"line":36,"column":62}},"36":{"start":{"line":37,"column":0},"end":{"line":37,"column":21}},"37":{"start":{"line":38,"column":0},"end":{"line":38,"column":25}},"38":{"start":{"line":39,"column":0},"end":{"line":39,"column":21}},"39":{"start":{"line":40,"column":0},"end":{"line":40,"column":21}},"40":{"start":{"line":41,"column":0},"end":{"line":41,"column":2}},"42":{"start":{"line":43,"column":0},"end":{"line":43,"column":61}},"43":{"start":{"line":44,"column":0},"end":{"line":44,"column":13}},"44":{"start":{"line":45,"column":0},"end":{"line":45,"column":16}},"45":{"start":{"line":46,"column":0},"end":{"line":46,"column":14}},"46":{"start":{"line":47,"column":0},"end":{"line":47,"column":15}},"47":{"start":{"line":48,"column":0},"end":{"line":48,"column":2}},"49":{"start":{"line":50,"column":0},"end":{"line":50,"column":61}},"50":{"start":{"line":51,"column":0},"end":{"line":51,"column":28}},"51":{"start":{"line":52,"column":0},"end":{"line":52,"column":27}},"52":{"start":{"line":53,"column":0},"end":{"line":53,"column":25}},"53":{"start":{"line":54,"column":0},"end":{"line":54,"column":25}},"54":{"start":{"line":55,"column":0},"end":{"line":55,"column":2}},"57":{"start":{"line":58,"column":0},"end":{"line":58,"column":62}},"58":{"start":{"line":59,"column":0},"end":{"line":59,"column":17}},"59":{"start":{"line":60,"column":0},"end":{"line":60,"column":13}},"60":{"start":{"line":61,"column":0},"end":{"line":61,"column":20}},"61":{"start":{"line":62,"column":0},"end":{"line":62,"column":31}},"62":{"start":{"line":63,"column":0},"end":{"line":63,"column":2}},"64":{"start":{"line":65,"column":0},"end":{"line":65,"column":63}},"65":{"start":{"line":66,"column":0},"end":{"line":66,"column":38}},"66":{"start":{"line":67,"column":0},"end":{"line":67,"column":36}},"67":{"start":{"line":68,"column":0},"end":{"line":68,"column":39}},"68":{"start":{"line":69,"column":0},"end":{"line":69,"column":49}},"69":{"start":{"line":70,"column":0},"end":{"line":70,"column":2}}},"s":{"0":1,"3":1,"4":0,"5":0,"6":0,"7":0,"9":1,"10":1,"11":1,"12":1,"13":1,"14":1,"15":1,"17":1,"18":1,"19":1,"20":1,"21":1,"22":1,"23":1,"26":1,"27":1,"28":1,"29":1,"30":1,"31":1,"32":1,"35":1,"36":1,"37":1,"38":1,"39":1,"40":1,"42":1,"43":1,"44":1,"45":1,"46":1,"47":1,"49":1,"50":1,"51":1,"52":1,"53":1,"54":1,"57":1,"58":1,"59":1,"60":1,"61":1,"62":1,"64":1,"65":1,"66":1,"67":1,"68":1,"69":1},"branchMap":{},"b":{},"fnMap":{"0":{"name":"parseLevel","decl":{"start":{"line":4,"column":7},"end":{"line":8,"column":1}},"loc":{"start":{"line":4,"column":7},"end":{"line":8,"column":1}},"line":4}},"f":{"0":0}}
,"/mnt/c/Users/fufud.fauzidin/Work/projects/ai-interview-platform/web/src/utils/hardwareUtils.ts": {"path":"/mnt/c/Users/fufud.fauzidin/Work/projects/ai-interview-platform/web/src/utils/hardwareUtils.ts","all":true,"statementMap":{"2":{"start":{"line":3,"column":0},"end":{"line":3,"column":29}},"3":{"start":{"line":4,"column":0},"end":{"line":4,"column":24}},"4":{"start":{"line":5,"column":0},"end":{"line":5,"column":24}},"5":{"start":{"line":6,"column":0},"end":{"line":6,"column":22}},"6":{"start":{"line":7,"column":0},"end":{"line":7,"column":20}},"17":{"start":{"line":18,"column":0},"end":{"line":18,"column":34}},"18":{"start":{"line":19,"column":0},"end":{"line":19,"column":42}},"19":{"start":{"line":20,"column":0},"end":{"line":20,"column":28}},"20":{"start":{"line":21,"column":0},"end":{"line":21,"column":21}},"21":{"start":{"line":22,"column":0},"end":{"line":22,"column":47}},"22":{"start":{"line":23,"column":0},"end":{"line":23,"column":27}},"23":{"start":{"line":24,"column":0},"end":{"line":24,"column":79}},"24":{"start":{"line":25,"column":0},"end":{"line":25,"column":50}},"25":{"start":{"line":26,"column":0},"end":{"line":26,"column":28}},"26":{"start":{"line":27,"column":0},"end":{"line":27,"column":75}},"27":{"start":{"line":28,"column":0},"end":{"line":28,"column":43}},"28":{"start":{"line":29,"column":0},"end":{"line":29,"column":27}},"29":{"start":{"line":30,"column":0},"end":{"line":30,"column":67}},"30":{"start":{"line":31,"column":0},"end":{"line":31,"column":40}},"31":{"start":{"line":32,"column":0},"end":{"line":32,"column":25}},"32":{"start":{"line":33,"column":0},"end":{"line":33,"column":63}},"33":{"start":{"line":34,"column":0},"end":{"line":34,"column":5}},"34":{"start":{"line":35,"column":0},"end":{"line":35,"column":32}},"35":{"start":{"line":36,"column":0},"end":{"line":36,"column":1}},"37":{"start":{"line":38,"column":0},"end":{"line":38,"column":29}},"38":{"start":{"line":39,"column":0},"end":{"line":39,"column":40}},"39":{"start":{"line":40,"column":0},"end":{"line":40,"column":42}},"40":{"start":{"line":41,"column":0},"end":{"line":41,"column":23}},"41":{"start":{"line":42,"column":0},"end":{"line":42,"column":46}},"42":{"start":{"line":43,"column":0},"end":{"line":43,"column":49}},"43":{"start":{"line":44,"column":0},"end":{"line":44,"column":51}},"44":{"start":{"line":45,"column":0},"end":{"line":45,"column":56}},"45":{"start":{"line":46,"column":0},"end":{"line":46,"column":61}},"46":{"start":{"line":47,"column":0},"end":{"line":47,"column":14}},"47":{"start":{"line":48,"column":0},"end":{"line":48,"column":1}},"49":{"start":{"line":50,"column":0},"end":{"line":50,"column":66}},"50":{"start":{"line":51,"column":0},"end":{"line":51,"column":9}},"51":{"start":{"line":52,"column":0},"end":{"line":52,"column":66}},"52":{"start":{"line":53,"column":0},"end":{"line":53,"column":20}},"53":{"start":{"line":54,"column":0},"end":{"line":54,"column":36}},"54":{"start":{"line":55,"column":0},"end":{"line":55,"column":37}},"55":{"start":{"line":56,"column":0},"end":{"line":56,"column":39}},"56":{"start":{"line":57,"column":0},"end":{"line":57,"column":35}},"57":{"start":{"line":58,"column":0},"end":{"line":58,"column":14}},"58":{"start":{"line":59,"column":0},"end":{"line":59,"column":24}},"59":{"start":{"line":60,"column":0},"end":{"line":60,"column":11}},"60":{"start":{"line":61,"column":0},"end":{"line":61,"column":22}},"61":{"start":{"line":62,"column":0},"end":{"line":62,"column":13}},"62":{"start":{"line":63,"column":0},"end":{"line":63,"column":20}},"63":{"start":{"line":64,"column":0},"end":{"line":64,"column":5}},"64":{"start":{"line":65,"column":0},"end":{"line":65,"column":1}},"66":{"start":{"line":67,"column":0},"end":{"line":67,"column":42}},"67":{"start":{"line":68,"column":0},"end":{"line":68,"column":27}},"68":{"start":{"line":69,"column":0},"end":{"line":69,"column":44}},"69":{"start":{"line":70,"column":0},"end":{"line":70,"column":24}},"70":{"start":{"line":71,"column":0},"end":{"line":71,"column":26}},"71":{"start":{"line":72,"column":0},"end":{"line":72,"column":26}},"72":{"start":{"line":73,"column":0},"end":{"line":73,"column":7}},"73":{"start":{"line":74,"column":0},"end":{"line":74,"column":1}},"75":{"start":{"line":76,"column":0},"end":{"line":76,"column":42}},"76":{"start":{"line":77,"column":0},"end":{"line":77,"column":27}},"77":{"start":{"line":78,"column":0},"end":{"line":78,"column":44}},"78":{"start":{"line":79,"column":0},"end":{"line":79,"column":24}},"79":{"start":{"line":80,"column":0},"end":{"line":80,"column":22}},"80":{"start":{"line":81,"column":0},"end":{"line":81,"column":23}},"81":{"start":{"line":82,"column":0},"end":{"line":82,"column":7}},"82":{"start":{"line":83,"column":0},"end":{"line":83,"column":1}}},"s":{"2":0,"3":0,"4":0,"5":0,"6":0,"17":0,"18":0,"19":0,"20":0,"21":0,"22":0,"23":0,"24":0,"25":0,"26":0,"27":0,"28":0,"29":0,"30":0,"31":0,"32":0,"33":0,"34":0,"35":0,"37":0,"38":0,"39":0,"40":0,"41":0,"42":0,"43":0,"44":0,"45":0,"46":0,"47":0,"49":0,"50":0,"51":0,"52":0,"53":0,"54":0,"55":0,"56":0,"57":0,"58":0,"59":0,"60":0,"61":0,"62":0,"63":0,"64":0,"66":0,"67":0,"68":0,"69":0,"70":0,"71":0,"72":0,"73":0,"75":0,"76":0,"77":0,"78":0,"79":0,"80":0,"81":0,"82":0},"branchMap":{"0":{"type":"branch","line":1,"loc":{"start":{"line":1,"column":2488},"end":{"line":83,"column":1}},"locations":[{"start":{"line":1,"column":2488},"end":{"line":83,"column":1}}]}},"b":{"0":[1]},"fnMap":{"0":{"name":"(empty-report)","decl":{"start":{"line":1,"column":2488},"end":{"line":83,"column":1}},"loc":{"start":{"line":1,"column":2488},"end":{"line":83,"column":1}},"line":1}},"f":{"0":1}}
,"/mnt/c/Users/fufud.fauzidin/Work/projects/ai-interview-platform/web/src/utils/internetSpeedTest.ts": {"path":"/mnt/c/Users/fufud.fauzidin/Work/projects/ai-interview-platform/web/src/utils/internetSpeedTest.ts","all":true,"statementMap":{"18":{"start":{"line":19,"column":0},"end":{"line":19,"column":52}},"19":{"start":{"line":20,"column":0},"end":{"line":20,"column":23}},"20":{"start":{"line":21,"column":0},"end":{"line":21,"column":21}},"21":{"start":{"line":22,"column":0},"end":{"line":22,"column":19}},"22":{"start":{"line":23,"column":0},"end":{"line":23,"column":2}},"24":{"start":{"line":25,"column":0},"end":{"line":25,"column":91}},"25":{"start":{"line":26,"column":0},"end":{"line":26,"column":95}},"27":{"start":{"line":28,"column":0},"end":{"line":28,"column":47}},"28":{"start":{"line":29,"column":0},"end":{"line":29,"column":30}},"29":{"start":{"line":30,"column":0},"end":{"line":30,"column":13}},"30":{"start":{"line":31,"column":0},"end":{"line":31,"column":44}},"31":{"start":{"line":32,"column":0},"end":{"line":32,"column":68}},"32":{"start":{"line":33,"column":0},"end":{"line":33,"column":45}},"33":{"start":{"line":34,"column":0},"end":{"line":34,"column":17}},"34":{"start":{"line":35,"column":0},"end":{"line":35,"column":23}},"35":{"start":{"line":36,"column":0},"end":{"line":36,"column":9}},"36":{"start":{"line":37,"column":0},"end":{"line":37,"column":5}},"37":{"start":{"line":38,"column":0},"end":{"line":38,"column":22}},"38":{"start":{"line":39,"column":0},"end":{"line":39,"column":45}},"39":{"start":{"line":40,"column":0},"end":{"line":40,"column":71}},"40":{"start":{"line":41,"column":0},"end":{"line":41,"column":65}},"41":{"start":{"line":42,"column":0},"end":{"line":42,"column":6}},"42":{"start":{"line":43,"column":0},"end":{"line":43,"column":33}},"43":{"start":{"line":44,"column":0},"end":{"line":44,"column":13}},"44":{"start":{"line":45,"column":0},"end":{"line":45,"column":44}},"45":{"start":{"line":46,"column":0},"end":{"line":46,"column":69}},"46":{"start":{"line":47,"column":0},"end":{"line":47,"column":45}},"47":{"start":{"line":48,"column":0},"end":{"line":48,"column":17}},"48":{"start":{"line":49,"column":0},"end":{"line":49,"column":21}},"49":{"start":{"line":50,"column":0},"end":{"line":50,"column":9}},"50":{"start":{"line":51,"column":0},"end":{"line":51,"column":5}},"51":{"start":{"line":52,"column":0},"end":{"line":52,"column":15}},"52":{"start":{"line":53,"column":0},"end":{"line":53,"column":1}},"54":{"start":{"line":55,"column":0},"end":{"line":55,"column":56}},"55":{"start":{"line":56,"column":0},"end":{"line":56,"column":23}},"56":{"start":{"line":57,"column":0},"end":{"line":57,"column":102}},"57":{"start":{"line":58,"column":0},"end":{"line":58,"column":82}},"58":{"start":{"line":59,"column":0},"end":{"line":59,"column":92}},"59":{"start":{"line":60,"column":0},"end":{"line":60,"column":6}},"60":{"start":{"line":61,"column":0},"end":{"line":61,"column":39}},"61":{"start":{"line":62,"column":0},"end":{"line":62,"column":13}},"62":{"start":{"line":63,"column":0},"end":{"line":63,"column":44}},"63":{"start":{"line":64,"column":0},"end":{"line":64,"column":78}},"64":{"start":{"line":65,"column":0},"end":{"line":65,"column":30}},"65":{"start":{"line":66,"column":0},"end":{"line":66,"column":38}},"66":{"start":{"line":67,"column":0},"end":{"line":67,"column":67}},"67":{"start":{"line":68,"column":0},"end":{"line":68,"column":47}},"68":{"start":{"line":69,"column":0},"end":{"line":69,"column":13}},"69":{"start":{"line":70,"column":0},"end":{"line":70,"column":17}},"70":{"start":{"line":71,"column":0},"end":{"line":71,"column":21}},"71":{"start":{"line":72,"column":0},"end":{"line":72,"column":9}},"72":{"start":{"line":73,"column":0},"end":{"line":73,"column":5}},"74":{"start":{"line":75,"column":0},"end":{"line":75,"column":9}},"75":{"start":{"line":76,"column":0},"end":{"line":76,"column":40}},"76":{"start":{"line":77,"column":0},"end":{"line":77,"column":98}},"77":{"start":{"line":78,"column":0},"end":{"line":78,"column":60}},"78":{"start":{"line":79,"column":0},"end":{"line":79,"column":57}},"79":{"start":{"line":80,"column":0},"end":{"line":80,"column":13}},"80":{"start":{"line":81,"column":0},"end":{"line":81,"column":17}},"81":{"start":{"line":82,"column":0},"end":{"line":82,"column":5}},"82":{"start":{"line":83,"column":0},"end":{"line":83,"column":1}},"84":{"start":{"line":85,"column":0},"end":{"line":85,"column":54}},"85":{"start":{"line":86,"column":0},"end":{"line":86,"column":29}},"86":{"start":{"line":87,"column":0},"end":{"line":87,"column":80}},"87":{"start":{"line":88,"column":0},"end":{"line":88,"column":41}},"88":{"start":{"line":89,"column":0},"end":{"line":89,"column":7}},"89":{"start":{"line":90,"column":0},"end":{"line":90,"column":43}},"90":{"start":{"line":91,"column":0},"end":{"line":91,"column":33}},"91":{"start":{"line":92,"column":0},"end":{"line":92,"column":104}},"92":{"start":{"line":93,"column":0},"end":{"line":93,"column":39}},"93":{"start":{"line":94,"column":0},"end":{"line":94,"column":13}},"94":{"start":{"line":95,"column":0},"end":{"line":95,"column":44}},"95":{"start":{"line":96,"column":0},"end":{"line":96,"column":48}},"96":{"start":{"line":97,"column":0},"end":{"line":97,"column":44}},"97":{"start":{"line":98,"column":0},"end":{"line":98,"column":70}},"98":{"start":{"line":99,"column":0},"end":{"line":99,"column":63}},"99":{"start":{"line":100,"column":0},"end":{"line":100,"column":42}},"100":{"start":{"line":101,"column":0},"end":{"line":101,"column":17}},"101":{"start":{"line":102,"column":0},"end":{"line":102,"column":21}},"102":{"start":{"line":103,"column":0},"end":{"line":103,"column":9}},"103":{"start":{"line":104,"column":0},"end":{"line":104,"column":5}},"104":{"start":{"line":105,"column":0},"end":{"line":105,"column":40}},"105":{"start":{"line":106,"column":0},"end":{"line":106,"column":1}},"107":{"start":{"line":108,"column":0},"end":{"line":108,"column":87}},"108":{"start":{"line":109,"column":0},"end":{"line":109,"column":28}},"109":{"start":{"line":110,"column":0},"end":{"line":110,"column":37}},"110":{"start":{"line":111,"column":0},"end":{"line":111,"column":13}},"111":{"start":{"line":112,"column":0},"end":{"line":112,"column":41}},"112":{"start":{"line":113,"column":0},"end":{"line":113,"column":57}},"113":{"start":{"line":114,"column":0},"end":{"line":114,"column":17}},"115":{"start":{"line":116,"column":0},"end":{"line":116,"column":9}},"116":{"start":{"line":117,"column":0},"end":{"line":117,"column":5}},"117":{"start":{"line":118,"column":0},"end":{"line":118,"column":19}},"118":{"start":{"line":119,"column":0},"end":{"line":119,"column":1}},"120":{"start":{"line":121,"column":0},"end":{"line":121,"column":44}},"121":{"start":{"line":122,"column":0},"end":{"line":122,"column":38}},"122":{"start":{"line":123,"column":0},"end":{"line":123,"column":85}},"123":{"start":{"line":124,"column":0},"end":{"line":124,"column":53}},"124":{"start":{"line":125,"column":0},"end":{"line":125,"column":40}},"125":{"start":{"line":126,"column":0},"end":{"line":126,"column":63}},"126":{"start":{"line":127,"column":0},"end":{"line":127,"column":1}},"128":{"start":{"line":129,"column":0},"end":{"line":129,"column":40}},"129":{"start":{"line":130,"column":0},"end":{"line":130,"column":52}},"130":{"start":{"line":131,"column":0},"end":{"line":131,"column":33}},"131":{"start":{"line":132,"column":0},"end":{"line":132,"column":9}},"132":{"start":{"line":133,"column":0},"end":{"line":133,"column":75}},"133":{"start":{"line":134,"column":0},"end":{"line":134,"column":54}},"134":{"start":{"line":135,"column":0},"end":{"line":135,"column":52}},"135":{"start":{"line":136,"column":0},"end":{"line":136,"column":45}},"136":{"start":{"line":137,"column":0},"end":{"line":137,"column":11}},"138":{"start":{"line":139,"column":0},"end":{"line":139,"column":56}},"139":{"start":{"line":140,"column":0},"end":{"line":140,"column":52}},"140":{"start":{"line":141,"column":0},"end":{"line":141,"column":40}},"142":{"start":{"line":143,"column":0},"end":{"line":143,"column":22}},"143":{"start":{"line":144,"column":0},"end":{"line":144,"column":57}},"144":{"start":{"line":145,"column":0},"end":{"line":145,"column":53}},"145":{"start":{"line":146,"column":0},"end":{"line":146,"column":41}},"147":{"start":{"line":148,"column":0},"end":{"line":148,"column":16}},"148":{"start":{"line":149,"column":0},"end":{"line":149,"column":59}},"149":{"start":{"line":150,"column":0},"end":{"line":150,"column":55}},"150":{"start":{"line":151,"column":0},"end":{"line":151,"column":35}},"151":{"start":{"line":152,"column":0},"end":{"line":152,"column":19}},"152":{"start":{"line":153,"column":0},"end":{"line":153,"column":83}},"153":{"start":{"line":154,"column":0},"end":{"line":154,"column":79}},"154":{"start":{"line":155,"column":0},"end":{"line":155,"column":59}},"155":{"start":{"line":156,"column":0},"end":{"line":156,"column":10}},"156":{"start":{"line":157,"column":0},"end":{"line":157,"column":13}},"157":{"start":{"line":158,"column":0},"end":{"line":158,"column":119}},"158":{"start":{"line":159,"column":0},"end":{"line":159,"column":5}},"159":{"start":{"line":160,"column":0},"end":{"line":160,"column":1}}},"s":{"18":0,"19":0,"20":0,"21":0,"22":0,"24":0,"25":0,"27":0,"28":0,"29":0,"30":0,"31":0,"32":0,"33":0,"34":0,"35":0,"36":0,"37":0,"38":0,"39":0,"40":0,"41":0,"42":0,"43":0,"44":0,"45":0,"46":0,"47":0,"48":0,"49":0,"50":0,"51":0,"52":0,"54":0,"55":0,"56":0,"57":0,"58":0,"59":0,"60":0,"61":0,"62":0,"63":0,"64":0,"65":0,"66":0,"67":0,"68":0,"69":0,"70":0,"71":0,"72":0,"74":0,"75":0,"76":0,"77":0,"78":0,"79":0,"80":0,"81":0,"82":0,"84":0,"85":0,"86":0,"87":0,"88":0,"89":0,"90":0,"91":0,"92":0,"93":0,"94":0,"95":0,"96":0,"97":0,"98":0,"99":0,"100":0,"101":0,"102":0,"103":0,"104":0,"105":0,"107":0,"108":0,"109":0,"110":0,"111":0,"112":0,"113":0,"115":0,"116":0,"117":0,"118":0,"120":0,"121":0,"122":0,"123":0,"124":0,"125":0,"126":0,"128":0,"129":0,"130":0,"131":0,"132":0,"133":0,"134":0,"135":0,"136":0,"138":0,"139":0,"140":0,"142":0,"143":0,"144":0,"145":0,"147":0,"148":0,"149":0,"150":0,"151":0,"152":0,"153":0,"154":0,"155":0,"156":0,"157":0,"158":0,"159":0},"branchMap":{"0":{"type":"branch","line":1,"loc":{"start":{"line":1,"column":5640},"end":{"line":160,"column":1}},"locations":[{"start":{"line":1,"column":5640},"end":{"line":160,"column":1}}]}},"b":{"0":[1]},"fnMap":{"0":{"name":"(empty-report)","decl":{"start":{"line":1,"column":5640},"end":{"line":160,"column":1}},"loc":{"start":{"line":1,"column":5640},"end":{"line":160,"column":1}},"line":1}},"f":{"0":1}}
}
